nohup: ignoring input
01 Jan 00:26    INFO  
General Hyper Parameters:
gpu_id = 2
use_gpu = True
seed = 0
state = INFO
reproducibility = True
data_path = dataset/Gowalla
show_progress = False

Training Hyper Parameters:
checkpoint_dir = saved_best
epochs = 500
train_batch_size = 1024
learner = adam
learning_rate = 0.001
training_neg_sample_num = 0
training_neg_sample_distribution = uniform
eval_step = 1
stopping_step = 10
clip_grad_norm = None
weight_decay = 1e-06
draw_loss_pic = False
loss_decimal_place = 4

Evaluation Hyper Parameters:
eval_setting = RO_RS,full
group_by_user = True
split_ratio = [0.8, 0.1, 0.1]
leave_one_num = 2
real_time_process = False
metrics = ['Recall', 'NDCG']
topk = [10, 20, 50]
valid_metric = NDCG@20
eval_batch_size = 4096
metric_decimal_place = 4

Dataset Hyper Parameters:
field_separator = 	
seq_separator =  
USER_ID_FIELD = user_id
ITEM_ID_FIELD = item_id
RATING_FIELD = rating
TIME_FIELD = timestamp
seq_len = None
LABEL_FIELD = label
threshold = None
NEG_PREFIX = neg_
load_col = {'inter': ['user_id', 'item_id', 'timestamp']}
unload_col = None
unused_col = None
additional_feat_suffix = None
lowest_val = None
highest_val = None
equal_val = None
not_equal_val = None
max_user_inter_num = None
min_user_inter_num = 5
max_item_inter_num = None
min_item_inter_num = 5
fields_in_same_space = None
preload_weight = None
normalize_field = None
normalize_all = None
ITEM_LIST_LENGTH_FIELD = item_length
LIST_SUFFIX = _list
MAX_ITEM_LIST_LENGTH = 50
POSITION_FIELD = position_id
HEAD_ENTITY_ID_FIELD = head_id
TAIL_ENTITY_ID_FIELD = tail_id
RELATION_ID_FIELD = relation_id
ENTITY_ID_FIELD = entity_id

Other Hyper Parameters: 
valid_metric_bigger = True
BT = 0.1
alpha = 0.9
alpha_i = None
alpha_u = None
d = 0.3
embedding_size = 64
encoder = MF
gamma = 5.5
std = 1.5
std_i = None
std_u = None
times = 1
rm_dup_inter = None
filter_inter_by_user_or_item = True
SOURCE_ID_FIELD = source_id
TARGET_ID_FIELD = target_id
benchmark_filename = None
MODEL_TYPE = ModelType.GENERAL
MODEL_INPUT_TYPE = InputType.POINTWISE
eval_type = EvaluatorType.RANKING
device = cuda
train_neg_sample_args = {'strategy': 'none'}


01 Jan 00:26    INFO  Gowalla
The number of users: 29859
Average actions of users: 34.408533726304505
The number of items: 40982
Average actions of items: 25.06942241526561
The number of inters: 1027370
The sparsity of the dataset: 99.91604269835769%
Remain Fields: ['user_id', 'item_id']
01 Jan 00:26    INFO  Build [GeneralDataLoader] for [train] with format [InputType.POINTWISE]
01 Jan 00:26    INFO  [train] No Negative Sampling
01 Jan 00:26    INFO  [train] batch_size = [1024], shuffle = [True]

01 Jan 00:26    INFO  Build [GeneralFullDataLoader] for [evaluation] with format [InputType.POINTWISE]
01 Jan 00:26    INFO  Evaluation Setting:
	Group by user_id
	Ordering: {'strategy': 'shuffle'}
	Splitting: {'strategy': 'by_ratio', 'ratios': [0.8, 0.1, 0.1]}
	Negative Sampling: {'strategy': 'full', 'distribution': 'uniform'}
01 Jan 00:26    INFO  [evaluation] batch_size = [4096], shuffle = [False]

01 Jan 00:26    WARNING  Batch size is changed to 40982.
01 Jan 00:26    WARNING  Batch size is changed to 40982.
this is encoder MF...
这是directau 的 RE 版本...gamma5.5, d0.3, alpha0.9, std1.5
01 Jan 00:26    INFO  RauCL(
  (encoder): MFEncoder(
    (user_embedding): Embedding(29859, 64)
    (item_embedding): Embedding(40982, 64)
  )
)
Trainable parameters: 4533824
01 Jan 00:26    INFO  epoch 0 training [time: 45.46s, train loss: -19.2862]
01 Jan 00:27    INFO  epoch 0 evaluating [time: 27.33s, valid_score: 0.027100]
01 Jan 00:27    INFO  valid result: 
recall@10 : 0.0304    recall@20 : 0.048    recall@50 : 0.0831    ndcg@10 : 0.0217    ndcg@20 : 0.0271    ndcg@50 : 0.0364    
01 Jan 00:27    INFO  Saving current best: saved_best/RauCL-Jan-01-2025_00-26-11.pth
01 Jan 00:28    INFO  epoch 1 training [time: 44.49s, train loss: -19.6906]
01 Jan 00:28    INFO  epoch 1 evaluating [time: 26.25s, valid_score: 0.044900]
01 Jan 00:28    INFO  valid result: 
recall@10 : 0.0521    recall@20 : 0.0818    recall@50 : 0.1368    ndcg@10 : 0.036    ndcg@20 : 0.0449    ndcg@50 : 0.0589    
01 Jan 00:28    INFO  Saving current best: saved_best/RauCL-Jan-01-2025_00-26-11.pth
01 Jan 00:29    INFO  epoch 2 training [time: 44.56s, train loss: -19.8064]
01 Jan 00:29    INFO  epoch 2 evaluating [time: 27.08s, valid_score: 0.052800]
01 Jan 00:29    INFO  valid result: 
recall@10 : 0.063    recall@20 : 0.0959    recall@50 : 0.1608    ndcg@10 : 0.0429    ndcg@20 : 0.0528    ndcg@50 : 0.0691    
01 Jan 00:29    INFO  Saving current best: saved_best/RauCL-Jan-01-2025_00-26-11.pth
01 Jan 00:30    INFO  epoch 3 training [time: 44.75s, train loss: -19.8621]
01 Jan 00:30    INFO  epoch 3 evaluating [time: 26.26s, valid_score: 0.058000]
01 Jan 00:30    INFO  valid result: 
recall@10 : 0.0698    recall@20 : 0.1059    recall@50 : 0.1758    ndcg@10 : 0.0472    ndcg@20 : 0.058    ndcg@50 : 0.0755    
01 Jan 00:30    INFO  Saving current best: saved_best/RauCL-Jan-01-2025_00-26-11.pth
01 Jan 00:31    INFO  epoch 4 training [time: 44.66s, train loss: -19.8973]
01 Jan 00:32    INFO  epoch 4 evaluating [time: 26.52s, valid_score: 0.061800]
01 Jan 00:32    INFO  valid result: 
recall@10 : 0.0746    recall@20 : 0.1129    recall@50 : 0.1861    ndcg@10 : 0.0504    ndcg@20 : 0.0618    ndcg@50 : 0.0801    
01 Jan 00:32    INFO  Saving current best: saved_best/RauCL-Jan-01-2025_00-26-11.pth
01 Jan 00:32    INFO  epoch 5 training [time: 44.67s, train loss: -19.9237]
01 Jan 00:33    INFO  epoch 5 evaluating [time: 26.08s, valid_score: 0.065000]
01 Jan 00:33    INFO  valid result: 
recall@10 : 0.0781    recall@20 : 0.1179    recall@50 : 0.1932    ndcg@10 : 0.0531    ndcg@20 : 0.065    ndcg@50 : 0.0837    
01 Jan 00:33    INFO  Saving current best: saved_best/RauCL-Jan-01-2025_00-26-11.pth
01 Jan 00:34    INFO  epoch 6 training [time: 44.71s, train loss: -19.9441]
01 Jan 00:34    INFO  epoch 6 evaluating [time: 26.29s, valid_score: 0.068100]
01 Jan 00:34    INFO  valid result: 
recall@10 : 0.0808    recall@20 : 0.1232    recall@50 : 0.201    ndcg@10 : 0.0555    ndcg@20 : 0.0681    ndcg@50 : 0.0873    
01 Jan 00:34    INFO  Saving current best: saved_best/RauCL-Jan-01-2025_00-26-11.pth
01 Jan 00:35    INFO  epoch 7 training [time: 44.59s, train loss: -19.9613]
01 Jan 00:35    INFO  epoch 7 evaluating [time: 26.23s, valid_score: 0.070300]
01 Jan 00:35    INFO  valid result: 
recall@10 : 0.0837    recall@20 : 0.126    recall@50 : 0.2093    ndcg@10 : 0.0578    ndcg@20 : 0.0703    ndcg@50 : 0.0908    
01 Jan 00:35    INFO  Saving current best: saved_best/RauCL-Jan-01-2025_00-26-11.pth
01 Jan 00:36    INFO  epoch 8 training [time: 44.70s, train loss: -19.9759]
01 Jan 00:36    INFO  epoch 8 evaluating [time: 26.56s, valid_score: 0.072500]
01 Jan 00:36    INFO  valid result: 
recall@10 : 0.088    recall@20 : 0.1306    recall@50 : 0.2149    ndcg@10 : 0.0599    ndcg@20 : 0.0725    ndcg@50 : 0.0933    
01 Jan 00:36    INFO  Saving current best: saved_best/RauCL-Jan-01-2025_00-26-11.pth
01 Jan 00:37    INFO  epoch 9 training [time: 44.60s, train loss: -19.9889]
01 Jan 00:38    INFO  epoch 9 evaluating [time: 25.68s, valid_score: 0.074200]
01 Jan 00:38    INFO  valid result: 
recall@10 : 0.0915    recall@20 : 0.1355    recall@50 : 0.2186    ndcg@10 : 0.0612    ndcg@20 : 0.0742    ndcg@50 : 0.0948    
01 Jan 00:38    INFO  Saving current best: saved_best/RauCL-Jan-01-2025_00-26-11.pth
01 Jan 00:38    INFO  epoch 10 training [time: 44.42s, train loss: -19.9998]
01 Jan 00:39    INFO  epoch 10 evaluating [time: 25.21s, valid_score: 0.076200]
01 Jan 00:39    INFO  valid result: 
recall@10 : 0.0923    recall@20 : 0.1384    recall@50 : 0.2257    ndcg@10 : 0.0626    ndcg@20 : 0.0762    ndcg@50 : 0.0977    
01 Jan 00:39    INFO  Saving current best: saved_best/RauCL-Jan-01-2025_00-26-11.pth
01 Jan 00:40    INFO  epoch 11 training [time: 44.56s, train loss: -20.0101]
01 Jan 00:40    INFO  epoch 11 evaluating [time: 26.33s, valid_score: 0.078100]
01 Jan 00:40    INFO  valid result: 
recall@10 : 0.0939    recall@20 : 0.1403    recall@50 : 0.2308    ndcg@10 : 0.0644    ndcg@20 : 0.0781    ndcg@50 : 0.1004    
01 Jan 00:40    INFO  Saving current best: saved_best/RauCL-Jan-01-2025_00-26-11.pth
01 Jan 00:41    INFO  epoch 12 training [time: 44.59s, train loss: -20.0197]
01 Jan 00:41    INFO  epoch 12 evaluating [time: 26.21s, valid_score: 0.080600]
01 Jan 00:41    INFO  valid result: 
recall@10 : 0.0973    recall@20 : 0.1465    recall@50 : 0.2356    ndcg@10 : 0.066    ndcg@20 : 0.0806    ndcg@50 : 0.1025    
01 Jan 00:41    INFO  Saving current best: saved_best/RauCL-Jan-01-2025_00-26-11.pth
01 Jan 00:42    INFO  epoch 13 training [time: 44.52s, train loss: -20.0283]
01 Jan 00:42    INFO  epoch 13 evaluating [time: 25.42s, valid_score: 0.082400]
01 Jan 00:42    INFO  valid result: 
recall@10 : 0.0992    recall@20 : 0.149    recall@50 : 0.24    ndcg@10 : 0.0678    ndcg@20 : 0.0824    ndcg@50 : 0.1048    
01 Jan 00:42    INFO  Saving current best: saved_best/RauCL-Jan-01-2025_00-26-11.pth
01 Jan 00:43    INFO  epoch 14 training [time: 44.48s, train loss: -20.0357]
01 Jan 00:43    INFO  epoch 14 evaluating [time: 25.83s, valid_score: 0.083900]
01 Jan 00:43    INFO  valid result: 
recall@10 : 0.1019    recall@20 : 0.1509    recall@50 : 0.2459    ndcg@10 : 0.0694    ndcg@20 : 0.0839    ndcg@50 : 0.1072    
01 Jan 00:44    INFO  Saving current best: saved_best/RauCL-Jan-01-2025_00-26-11.pth
01 Jan 00:44    INFO  epoch 15 training [time: 44.47s, train loss: -20.0428]
01 Jan 00:45    INFO  epoch 15 evaluating [time: 25.76s, valid_score: 0.085300]
01 Jan 00:45    INFO  valid result: 
recall@10 : 0.1046    recall@20 : 0.154    recall@50 : 0.2488    ndcg@10 : 0.0706    ndcg@20 : 0.0853    ndcg@50 : 0.1085    
01 Jan 00:45    INFO  Saving current best: saved_best/RauCL-Jan-01-2025_00-26-11.pth
01 Jan 00:45    INFO  epoch 16 training [time: 44.44s, train loss: -20.0484]
01 Jan 00:46    INFO  epoch 16 evaluating [time: 25.54s, valid_score: 0.087200]
01 Jan 00:46    INFO  valid result: 
recall@10 : 0.1065    recall@20 : 0.1576    recall@50 : 0.2529    ndcg@10 : 0.0722    ndcg@20 : 0.0872    ndcg@50 : 0.1106    
01 Jan 00:46    INFO  Saving current best: saved_best/RauCL-Jan-01-2025_00-26-11.pth
01 Jan 00:47    INFO  epoch 17 training [time: 44.44s, train loss: -20.0540]
01 Jan 00:47    INFO  epoch 17 evaluating [time: 26.18s, valid_score: 0.088500]
01 Jan 00:47    INFO  valid result: 
recall@10 : 0.1079    recall@20 : 0.159    recall@50 : 0.256    ndcg@10 : 0.0735    ndcg@20 : 0.0885    ndcg@50 : 0.1123    
01 Jan 00:47    INFO  Saving current best: saved_best/RauCL-Jan-01-2025_00-26-11.pth
01 Jan 00:48    INFO  epoch 18 training [time: 44.38s, train loss: -20.0596]
01 Jan 00:48    INFO  epoch 18 evaluating [time: 25.11s, valid_score: 0.090100]
01 Jan 00:48    INFO  valid result: 
recall@10 : 0.1103    recall@20 : 0.1626    recall@50 : 0.2596    ndcg@10 : 0.0746    ndcg@20 : 0.0901    ndcg@50 : 0.1139    
01 Jan 00:48    INFO  Saving current best: saved_best/RauCL-Jan-01-2025_00-26-11.pth
01 Jan 00:49    INFO  epoch 19 training [time: 44.32s, train loss: -20.0647]
01 Jan 00:49    INFO  epoch 19 evaluating [time: 25.88s, valid_score: 0.091400]
01 Jan 00:49    INFO  valid result: 
recall@10 : 0.1112    recall@20 : 0.1649    recall@50 : 0.2628    ndcg@10 : 0.0755    ndcg@20 : 0.0914    ndcg@50 : 0.1154    
01 Jan 00:49    INFO  Saving current best: saved_best/RauCL-Jan-01-2025_00-26-11.pth
01 Jan 00:50    INFO  epoch 20 training [time: 44.36s, train loss: -20.0691]
01 Jan 00:51    INFO  epoch 20 evaluating [time: 25.48s, valid_score: 0.092500]
01 Jan 00:51    INFO  valid result: 
recall@10 : 0.1124    recall@20 : 0.1669    recall@50 : 0.2664    ndcg@10 : 0.0765    ndcg@20 : 0.0925    ndcg@50 : 0.117    
01 Jan 00:51    INFO  Saving current best: saved_best/RauCL-Jan-01-2025_00-26-11.pth
01 Jan 00:51    INFO  epoch 21 training [time: 44.43s, train loss: -20.0732]
01 Jan 00:52    INFO  epoch 21 evaluating [time: 24.79s, valid_score: 0.093800]
01 Jan 00:52    INFO  valid result: 
recall@10 : 0.1143    recall@20 : 0.1695    recall@50 : 0.2691    ndcg@10 : 0.0776    ndcg@20 : 0.0938    ndcg@50 : 0.1182    
01 Jan 00:52    INFO  Saving current best: saved_best/RauCL-Jan-01-2025_00-26-11.pth
01 Jan 00:52    INFO  epoch 22 training [time: 44.36s, train loss: -20.0764]
01 Jan 00:53    INFO  epoch 22 evaluating [time: 25.85s, valid_score: 0.095800]
01 Jan 00:53    INFO  valid result: 
recall@10 : 0.1153    recall@20 : 0.1731    recall@50 : 0.2723    ndcg@10 : 0.0789    ndcg@20 : 0.0958    ndcg@50 : 0.1202    
01 Jan 00:53    INFO  Saving current best: saved_best/RauCL-Jan-01-2025_00-26-11.pth
01 Jan 00:54    INFO  epoch 23 training [time: 44.46s, train loss: -20.0799]
01 Jan 00:54    INFO  epoch 23 evaluating [time: 25.37s, valid_score: 0.096800]
01 Jan 00:54    INFO  valid result: 
recall@10 : 0.1172    recall@20 : 0.1738    recall@50 : 0.2751    ndcg@10 : 0.0803    ndcg@20 : 0.0968    ndcg@50 : 0.1216    
01 Jan 00:54    INFO  Saving current best: saved_best/RauCL-Jan-01-2025_00-26-11.pth
01 Jan 00:55    INFO  epoch 24 training [time: 44.49s, train loss: -20.0826]
01 Jan 00:55    INFO  epoch 24 evaluating [time: 26.44s, valid_score: 0.097200]
01 Jan 00:55    INFO  valid result: 
recall@10 : 0.1171    recall@20 : 0.1734    recall@50 : 0.277    ndcg@10 : 0.0807    ndcg@20 : 0.0972    ndcg@50 : 0.1225    
01 Jan 00:55    INFO  Saving current best: saved_best/RauCL-Jan-01-2025_00-26-11.pth
01 Jan 00:56    INFO  epoch 25 training [time: 44.51s, train loss: -20.0858]
01 Jan 00:56    INFO  epoch 25 evaluating [time: 25.62s, valid_score: 0.098600]
01 Jan 00:56    INFO  valid result: 
recall@10 : 0.1195    recall@20 : 0.1753    recall@50 : 0.2795    ndcg@10 : 0.0822    ndcg@20 : 0.0986    ndcg@50 : 0.124    
01 Jan 00:56    INFO  Saving current best: saved_best/RauCL-Jan-01-2025_00-26-11.pth
01 Jan 00:57    INFO  epoch 26 training [time: 44.50s, train loss: -20.0879]
01 Jan 00:58    INFO  epoch 26 evaluating [time: 25.64s, valid_score: 0.099300]
01 Jan 00:58    INFO  valid result: 
recall@10 : 0.1202    recall@20 : 0.1772    recall@50 : 0.2803    ndcg@10 : 0.0827    ndcg@20 : 0.0993    ndcg@50 : 0.1245    
01 Jan 00:58    INFO  Saving current best: saved_best/RauCL-Jan-01-2025_00-26-11.pth
01 Jan 00:58    INFO  epoch 27 training [time: 44.43s, train loss: -20.0905]
01 Jan 00:59    INFO  epoch 27 evaluating [time: 26.37s, valid_score: 0.099300]
01 Jan 00:59    INFO  valid result: 
recall@10 : 0.1201    recall@20 : 0.1782    recall@50 : 0.2827    ndcg@10 : 0.0822    ndcg@20 : 0.0993    ndcg@50 : 0.1248    
01 Jan 01:00    INFO  epoch 28 training [time: 44.43s, train loss: -20.0922]
01 Jan 01:00    INFO  epoch 28 evaluating [time: 25.27s, valid_score: 0.101000]
01 Jan 01:00    INFO  valid result: 
recall@10 : 0.1221    recall@20 : 0.1799    recall@50 : 0.2852    ndcg@10 : 0.0841    ndcg@20 : 0.101    ndcg@50 : 0.1267    
01 Jan 01:00    INFO  Saving current best: saved_best/RauCL-Jan-01-2025_00-26-11.pth
01 Jan 01:01    INFO  epoch 29 training [time: 44.41s, train loss: -20.0943]
01 Jan 01:01    INFO  epoch 29 evaluating [time: 25.90s, valid_score: 0.101500]
01 Jan 01:01    INFO  valid result: 
recall@10 : 0.1225    recall@20 : 0.1815    recall@50 : 0.2867    ndcg@10 : 0.0843    ndcg@20 : 0.1015    ndcg@50 : 0.1272    
01 Jan 01:01    INFO  Saving current best: saved_best/RauCL-Jan-01-2025_00-26-11.pth
01 Jan 01:02    INFO  epoch 30 training [time: 44.50s, train loss: -20.0961]
01 Jan 01:02    INFO  epoch 30 evaluating [time: 25.30s, valid_score: 0.101900]
01 Jan 01:02    INFO  valid result: 
recall@10 : 0.1236    recall@20 : 0.1815    recall@50 : 0.2878    ndcg@10 : 0.0848    ndcg@20 : 0.1019    ndcg@50 : 0.1279    
01 Jan 01:02    INFO  Saving current best: saved_best/RauCL-Jan-01-2025_00-26-11.pth
01 Jan 01:03    INFO  epoch 31 training [time: 44.46s, train loss: -20.0980]
01 Jan 01:03    INFO  epoch 31 evaluating [time: 24.77s, valid_score: 0.102800]
01 Jan 01:03    INFO  valid result: 
recall@10 : 0.1254    recall@20 : 0.1826    recall@50 : 0.2892    ndcg@10 : 0.086    ndcg@20 : 0.1028    ndcg@50 : 0.1288    
01 Jan 01:03    INFO  Saving current best: saved_best/RauCL-Jan-01-2025_00-26-11.pth
01 Jan 01:04    INFO  epoch 32 training [time: 44.52s, train loss: -20.0996]
01 Jan 01:05    INFO  epoch 32 evaluating [time: 25.92s, valid_score: 0.103500]
01 Jan 01:05    INFO  valid result: 
recall@10 : 0.1243    recall@20 : 0.184    recall@50 : 0.2915    ndcg@10 : 0.086    ndcg@20 : 0.1035    ndcg@50 : 0.1297    
01 Jan 01:05    INFO  Saving current best: saved_best/RauCL-Jan-01-2025_00-26-11.pth
01 Jan 01:05    INFO  epoch 33 training [time: 44.42s, train loss: -20.1007]
01 Jan 01:06    INFO  epoch 33 evaluating [time: 25.22s, valid_score: 0.104100]
01 Jan 01:06    INFO  valid result: 
recall@10 : 0.1263    recall@20 : 0.1851    recall@50 : 0.2931    ndcg@10 : 0.0868    ndcg@20 : 0.1041    ndcg@50 : 0.1304    
01 Jan 01:06    INFO  Saving current best: saved_best/RauCL-Jan-01-2025_00-26-11.pth
01 Jan 01:07    INFO  epoch 34 training [time: 44.35s, train loss: -20.1016]
01 Jan 01:07    INFO  epoch 34 evaluating [time: 25.45s, valid_score: 0.104300]
01 Jan 01:07    INFO  valid result: 
recall@10 : 0.1271    recall@20 : 0.185    recall@50 : 0.2952    ndcg@10 : 0.0873    ndcg@20 : 0.1043    ndcg@50 : 0.1312    
01 Jan 01:07    INFO  Saving current best: saved_best/RauCL-Jan-01-2025_00-26-11.pth
01 Jan 01:08    INFO  epoch 35 training [time: 44.43s, train loss: -20.1037]
01 Jan 01:08    INFO  epoch 35 evaluating [time: 25.49s, valid_score: 0.104900]
01 Jan 01:08    INFO  valid result: 
recall@10 : 0.1277    recall@20 : 0.1862    recall@50 : 0.2962    ndcg@10 : 0.0878    ndcg@20 : 0.1049    ndcg@50 : 0.1317    
01 Jan 01:08    INFO  Saving current best: saved_best/RauCL-Jan-01-2025_00-26-11.pth
01 Jan 01:09    INFO  epoch 36 training [time: 44.57s, train loss: -20.1043]
01 Jan 01:09    INFO  epoch 36 evaluating [time: 25.30s, valid_score: 0.105700]
01 Jan 01:09    INFO  valid result: 
recall@10 : 0.1285    recall@20 : 0.1881    recall@50 : 0.2973    ndcg@10 : 0.0882    ndcg@20 : 0.1057    ndcg@50 : 0.1324    
01 Jan 01:09    INFO  Saving current best: saved_best/RauCL-Jan-01-2025_00-26-11.pth
01 Jan 01:10    INFO  epoch 37 training [time: 44.40s, train loss: -20.1055]
01 Jan 01:10    INFO  epoch 37 evaluating [time: 26.40s, valid_score: 0.105000]
01 Jan 01:10    INFO  valid result: 
recall@10 : 0.1292    recall@20 : 0.1871    recall@50 : 0.2992    ndcg@10 : 0.088    ndcg@20 : 0.105    ndcg@50 : 0.1323    
01 Jan 01:11    INFO  epoch 38 training [time: 44.36s, train loss: -20.1062]
01 Jan 01:12    INFO  epoch 38 evaluating [time: 25.53s, valid_score: 0.106100]
01 Jan 01:12    INFO  valid result: 
recall@10 : 0.1278    recall@20 : 0.1885    recall@50 : 0.3001    ndcg@10 : 0.0884    ndcg@20 : 0.1061    ndcg@50 : 0.1333    
01 Jan 01:12    INFO  Saving current best: saved_best/RauCL-Jan-01-2025_00-26-11.pth
01 Jan 01:12    INFO  epoch 39 training [time: 44.34s, train loss: -20.1068]
01 Jan 01:13    INFO  epoch 39 evaluating [time: 25.95s, valid_score: 0.106200]
01 Jan 01:13    INFO  valid result: 
recall@10 : 0.1286    recall@20 : 0.1889    recall@50 : 0.3023    ndcg@10 : 0.0885    ndcg@20 : 0.1062    ndcg@50 : 0.1338    
01 Jan 01:13    INFO  Saving current best: saved_best/RauCL-Jan-01-2025_00-26-11.pth
01 Jan 01:14    INFO  epoch 40 training [time: 44.33s, train loss: -20.1075]
01 Jan 01:14    INFO  epoch 40 evaluating [time: 25.44s, valid_score: 0.106800]
01 Jan 01:14    INFO  valid result: 
recall@10 : 0.1292    recall@20 : 0.1913    recall@50 : 0.3027    ndcg@10 : 0.0887    ndcg@20 : 0.1068    ndcg@50 : 0.1339    
01 Jan 01:14    INFO  Saving current best: saved_best/RauCL-Jan-01-2025_00-26-11.pth
01 Jan 01:15    INFO  epoch 41 training [time: 44.43s, train loss: -20.1085]
01 Jan 01:15    INFO  epoch 41 evaluating [time: 25.61s, valid_score: 0.107100]
01 Jan 01:15    INFO  valid result: 
recall@10 : 0.1301    recall@20 : 0.1905    recall@50 : 0.3037    ndcg@10 : 0.0894    ndcg@20 : 0.1071    ndcg@50 : 0.1347    
01 Jan 01:15    INFO  Saving current best: saved_best/RauCL-Jan-01-2025_00-26-11.pth
01 Jan 01:16    INFO  epoch 42 training [time: 44.37s, train loss: -20.1096]
01 Jan 01:16    INFO  epoch 42 evaluating [time: 25.90s, valid_score: 0.107400]
01 Jan 01:16    INFO  valid result: 
recall@10 : 0.1317    recall@20 : 0.1914    recall@50 : 0.3034    ndcg@10 : 0.0898    ndcg@20 : 0.1074    ndcg@50 : 0.1347    
01 Jan 01:16    INFO  Saving current best: saved_best/RauCL-Jan-01-2025_00-26-11.pth
01 Jan 01:17    INFO  epoch 43 training [time: 44.47s, train loss: -20.1102]
01 Jan 01:18    INFO  epoch 43 evaluating [time: 25.48s, valid_score: 0.107800]
01 Jan 01:18    INFO  valid result: 
recall@10 : 0.1315    recall@20 : 0.1923    recall@50 : 0.3045    ndcg@10 : 0.09    ndcg@20 : 0.1078    ndcg@50 : 0.1351    
01 Jan 01:18    INFO  Saving current best: saved_best/RauCL-Jan-01-2025_00-26-11.pth
01 Jan 01:18    INFO  epoch 44 training [time: 44.41s, train loss: -20.1095]
01 Jan 01:19    INFO  epoch 44 evaluating [time: 25.28s, valid_score: 0.108000]
01 Jan 01:19    INFO  valid result: 
recall@10 : 0.1318    recall@20 : 0.193    recall@50 : 0.3033    ndcg@10 : 0.0901    ndcg@20 : 0.108    ndcg@50 : 0.135    
01 Jan 01:19    INFO  Saving current best: saved_best/RauCL-Jan-01-2025_00-26-11.pth
01 Jan 01:19    INFO  epoch 45 training [time: 44.39s, train loss: -20.1101]
01 Jan 01:20    INFO  epoch 45 evaluating [time: 25.50s, valid_score: 0.108600]
01 Jan 01:20    INFO  valid result: 
recall@10 : 0.1316    recall@20 : 0.1932    recall@50 : 0.305    ndcg@10 : 0.0906    ndcg@20 : 0.1086    ndcg@50 : 0.1359    
01 Jan 01:20    INFO  Saving current best: saved_best/RauCL-Jan-01-2025_00-26-11.pth
01 Jan 01:21    INFO  epoch 46 training [time: 44.50s, train loss: -20.1113]
01 Jan 01:21    INFO  epoch 46 evaluating [time: 25.49s, valid_score: 0.108900]
01 Jan 01:21    INFO  valid result: 
recall@10 : 0.1329    recall@20 : 0.1938    recall@50 : 0.3049    ndcg@10 : 0.0911    ndcg@20 : 0.1089    ndcg@50 : 0.1361    
01 Jan 01:21    INFO  Saving current best: saved_best/RauCL-Jan-01-2025_00-26-11.pth
01 Jan 01:22    INFO  epoch 47 training [time: 44.42s, train loss: -20.1116]
01 Jan 01:22    INFO  epoch 47 evaluating [time: 27.06s, valid_score: 0.109000]
01 Jan 01:22    INFO  valid result: 
recall@10 : 0.1336    recall@20 : 0.1929    recall@50 : 0.3057    ndcg@10 : 0.0916    ndcg@20 : 0.109    ndcg@50 : 0.1366    
01 Jan 01:22    INFO  Saving current best: saved_best/RauCL-Jan-01-2025_00-26-11.pth
01 Jan 01:23    INFO  epoch 48 training [time: 44.45s, train loss: -20.1123]
01 Jan 01:23    INFO  epoch 48 evaluating [time: 25.80s, valid_score: 0.109600]
01 Jan 01:23    INFO  valid result: 
recall@10 : 0.1321    recall@20 : 0.1944    recall@50 : 0.3073    ndcg@10 : 0.0914    ndcg@20 : 0.1096    ndcg@50 : 0.1371    
01 Jan 01:23    INFO  Saving current best: saved_best/RauCL-Jan-01-2025_00-26-11.pth
01 Jan 01:24    INFO  epoch 49 training [time: 44.45s, train loss: -20.1124]
01 Jan 01:25    INFO  epoch 49 evaluating [time: 25.82s, valid_score: 0.109500]
01 Jan 01:25    INFO  valid result: 
recall@10 : 0.1329    recall@20 : 0.1936    recall@50 : 0.3078    ndcg@10 : 0.0917    ndcg@20 : 0.1095    ndcg@50 : 0.1374    
01 Jan 01:25    INFO  epoch 50 training [time: 44.36s, train loss: -20.1134]
01 Jan 01:26    INFO  epoch 50 evaluating [time: 14.43s, valid_score: 0.110500]
01 Jan 01:26    INFO  valid result: 
recall@10 : 0.1342    recall@20 : 0.1957    recall@50 : 0.3088    ndcg@10 : 0.0925    ndcg@20 : 0.1105    ndcg@50 : 0.1381    
01 Jan 01:26    INFO  Saving current best: saved_best/RauCL-Jan-01-2025_00-26-11.pth
01 Jan 01:26    INFO  epoch 51 training [time: 43.22s, train loss: -20.1132]
01 Jan 01:26    INFO  epoch 51 evaluating [time: 12.97s, valid_score: 0.110500]
01 Jan 01:26    INFO  valid result: 
recall@10 : 0.1341    recall@20 : 0.1957    recall@50 : 0.3077    ndcg@10 : 0.0924    ndcg@20 : 0.1105    ndcg@50 : 0.1379    
01 Jan 01:27    INFO  epoch 52 training [time: 43.24s, train loss: -20.1138]
01 Jan 01:27    INFO  epoch 52 evaluating [time: 13.07s, valid_score: 0.110700]
01 Jan 01:27    INFO  valid result: 
recall@10 : 0.1343    recall@20 : 0.1962    recall@50 : 0.3077    ndcg@10 : 0.0926    ndcg@20 : 0.1107    ndcg@50 : 0.138    
01 Jan 01:27    INFO  Saving current best: saved_best/RauCL-Jan-01-2025_00-26-11.pth
01 Jan 01:28    INFO  epoch 53 training [time: 43.23s, train loss: -20.1143]
01 Jan 01:28    INFO  epoch 53 evaluating [time: 13.22s, valid_score: 0.110200]
01 Jan 01:28    INFO  valid result: 
recall@10 : 0.1332    recall@20 : 0.1959    recall@50 : 0.3101    ndcg@10 : 0.0919    ndcg@20 : 0.1102    ndcg@50 : 0.1382    
01 Jan 01:29    INFO  epoch 54 training [time: 43.19s, train loss: -20.1148]
01 Jan 01:29    INFO  epoch 54 evaluating [time: 12.76s, valid_score: 0.110100]
01 Jan 01:29    INFO  valid result: 
recall@10 : 0.1344    recall@20 : 0.1954    recall@50 : 0.31    ndcg@10 : 0.0923    ndcg@20 : 0.1101    ndcg@50 : 0.1382    
01 Jan 01:30    INFO  epoch 55 training [time: 43.22s, train loss: -20.1147]
01 Jan 01:30    INFO  epoch 55 evaluating [time: 12.64s, valid_score: 0.110700]
01 Jan 01:30    INFO  valid result: 
recall@10 : 0.1344    recall@20 : 0.1964    recall@50 : 0.3112    ndcg@10 : 0.0925    ndcg@20 : 0.1107    ndcg@50 : 0.1387    
01 Jan 01:31    INFO  epoch 56 training [time: 43.23s, train loss: -20.1151]
01 Jan 01:31    INFO  epoch 56 evaluating [time: 13.38s, valid_score: 0.110900]
01 Jan 01:31    INFO  valid result: 
recall@10 : 0.1349    recall@20 : 0.1968    recall@50 : 0.3105    ndcg@10 : 0.0929    ndcg@20 : 0.1109    ndcg@50 : 0.1387    
01 Jan 01:31    INFO  Saving current best: saved_best/RauCL-Jan-01-2025_00-26-11.pth
01 Jan 01:32    INFO  epoch 57 training [time: 43.24s, train loss: -20.1157]
01 Jan 01:32    INFO  epoch 57 evaluating [time: 13.04s, valid_score: 0.111200]
01 Jan 01:32    INFO  valid result: 
recall@10 : 0.1351    recall@20 : 0.1966    recall@50 : 0.3109    ndcg@10 : 0.0933    ndcg@20 : 0.1112    ndcg@50 : 0.1391    
01 Jan 01:32    INFO  Saving current best: saved_best/RauCL-Jan-01-2025_00-26-11.pth
01 Jan 01:33    INFO  epoch 58 training [time: 43.25s, train loss: -20.1151]
01 Jan 01:33    INFO  epoch 58 evaluating [time: 13.59s, valid_score: 0.111400]
01 Jan 01:33    INFO  valid result: 
recall@10 : 0.1359    recall@20 : 0.1972    recall@50 : 0.3116    ndcg@10 : 0.0935    ndcg@20 : 0.1114    ndcg@50 : 0.1393    
01 Jan 01:33    INFO  Saving current best: saved_best/RauCL-Jan-01-2025_00-26-11.pth
01 Jan 01:34    INFO  epoch 59 training [time: 43.27s, train loss: -20.1156]
01 Jan 01:34    INFO  epoch 59 evaluating [time: 13.01s, valid_score: 0.111700]
01 Jan 01:34    INFO  valid result: 
recall@10 : 0.1359    recall@20 : 0.1973    recall@50 : 0.3121    ndcg@10 : 0.0939    ndcg@20 : 0.1117    ndcg@50 : 0.1398    
01 Jan 01:34    INFO  Saving current best: saved_best/RauCL-Jan-01-2025_00-26-11.pth
01 Jan 01:35    INFO  epoch 60 training [time: 43.29s, train loss: -20.1160]
01 Jan 01:35    INFO  epoch 60 evaluating [time: 13.48s, valid_score: 0.112000]
01 Jan 01:35    INFO  valid result: 
recall@10 : 0.1355    recall@20 : 0.1978    recall@50 : 0.3119    ndcg@10 : 0.0938    ndcg@20 : 0.112    ndcg@50 : 0.1399    
01 Jan 01:35    INFO  Saving current best: saved_best/RauCL-Jan-01-2025_00-26-11.pth
01 Jan 01:36    INFO  epoch 61 training [time: 43.25s, train loss: -20.1164]
01 Jan 01:36    INFO  epoch 61 evaluating [time: 13.82s, valid_score: 0.111800]
01 Jan 01:36    INFO  valid result: 
recall@10 : 0.1358    recall@20 : 0.198    recall@50 : 0.3118    ndcg@10 : 0.0937    ndcg@20 : 0.1118    ndcg@50 : 0.1396    
01 Jan 01:37    INFO  epoch 62 training [time: 43.21s, train loss: -20.1166]
01 Jan 01:37    INFO  epoch 62 evaluating [time: 12.93s, valid_score: 0.112400]
01 Jan 01:37    INFO  valid result: 
recall@10 : 0.1362    recall@20 : 0.1991    recall@50 : 0.3136    ndcg@10 : 0.0941    ndcg@20 : 0.1124    ndcg@50 : 0.1404    
01 Jan 01:37    INFO  Saving current best: saved_best/RauCL-Jan-01-2025_00-26-11.pth
01 Jan 01:38    INFO  epoch 63 training [time: 43.23s, train loss: -20.1166]
01 Jan 01:38    INFO  epoch 63 evaluating [time: 12.63s, valid_score: 0.111700]
01 Jan 01:38    INFO  valid result: 
recall@10 : 0.1356    recall@20 : 0.1976    recall@50 : 0.3131    ndcg@10 : 0.0936    ndcg@20 : 0.1117    ndcg@50 : 0.1399    
01 Jan 01:39    INFO  epoch 64 training [time: 43.25s, train loss: -20.1169]
01 Jan 01:39    INFO  epoch 64 evaluating [time: 12.94s, valid_score: 0.112100]
01 Jan 01:39    INFO  valid result: 
recall@10 : 0.1364    recall@20 : 0.1978    recall@50 : 0.3136    ndcg@10 : 0.0942    ndcg@20 : 0.1121    ndcg@50 : 0.1404    
01 Jan 01:39    INFO  epoch 65 training [time: 43.23s, train loss: -20.1165]
01 Jan 01:40    INFO  epoch 65 evaluating [time: 12.85s, valid_score: 0.112400]
01 Jan 01:40    INFO  valid result: 
recall@10 : 0.1357    recall@20 : 0.199    recall@50 : 0.3136    ndcg@10 : 0.0938    ndcg@20 : 0.1124    ndcg@50 : 0.1404    
01 Jan 01:40    INFO  epoch 66 training [time: 43.24s, train loss: -20.1171]
01 Jan 01:41    INFO  epoch 66 evaluating [time: 12.74s, valid_score: 0.112300]
01 Jan 01:41    INFO  valid result: 
recall@10 : 0.1357    recall@20 : 0.1992    recall@50 : 0.3136    ndcg@10 : 0.0938    ndcg@20 : 0.1123    ndcg@50 : 0.1403    
01 Jan 01:41    INFO  epoch 67 training [time: 43.22s, train loss: -20.1173]
01 Jan 01:42    INFO  epoch 67 evaluating [time: 14.95s, valid_score: 0.112400]
01 Jan 01:42    INFO  valid result: 
recall@10 : 0.1354    recall@20 : 0.1998    recall@50 : 0.3138    ndcg@10 : 0.0937    ndcg@20 : 0.1124    ndcg@50 : 0.1404    
01 Jan 01:42    INFO  epoch 68 training [time: 44.10s, train loss: -20.1171]
01 Jan 01:43    INFO  epoch 68 evaluating [time: 12.84s, valid_score: 0.112700]
01 Jan 01:43    INFO  valid result: 
recall@10 : 0.1357    recall@20 : 0.1998    recall@50 : 0.3142    ndcg@10 : 0.0939    ndcg@20 : 0.1127    ndcg@50 : 0.1407    
01 Jan 01:43    INFO  Saving current best: saved_best/RauCL-Jan-01-2025_00-26-11.pth
01 Jan 01:43    INFO  epoch 69 training [time: 43.23s, train loss: -20.1174]
01 Jan 01:43    INFO  epoch 69 evaluating [time: 13.44s, valid_score: 0.112700]
01 Jan 01:43    INFO  valid result: 
recall@10 : 0.1361    recall@20 : 0.1992    recall@50 : 0.3147    ndcg@10 : 0.0942    ndcg@20 : 0.1127    ndcg@50 : 0.1409    
01 Jan 01:44    INFO  epoch 70 training [time: 43.23s, train loss: -20.1174]
01 Jan 01:44    INFO  epoch 70 evaluating [time: 12.70s, valid_score: 0.112900]
01 Jan 01:44    INFO  valid result: 
recall@10 : 0.1363    recall@20 : 0.1998    recall@50 : 0.3135    ndcg@10 : 0.0943    ndcg@20 : 0.1129    ndcg@50 : 0.1407    
01 Jan 01:44    INFO  Saving current best: saved_best/RauCL-Jan-01-2025_00-26-11.pth
01 Jan 01:45    INFO  epoch 71 training [time: 43.23s, train loss: -20.1172]
01 Jan 01:45    INFO  epoch 71 evaluating [time: 12.74s, valid_score: 0.113200]
01 Jan 01:45    INFO  valid result: 
recall@10 : 0.1369    recall@20 : 0.1994    recall@50 : 0.3155    ndcg@10 : 0.0949    ndcg@20 : 0.1132    ndcg@50 : 0.1415    
01 Jan 01:45    INFO  Saving current best: saved_best/RauCL-Jan-01-2025_00-26-11.pth
01 Jan 01:46    INFO  epoch 72 training [time: 43.25s, train loss: -20.1179]
01 Jan 01:46    INFO  epoch 72 evaluating [time: 13.79s, valid_score: 0.113000]
01 Jan 01:46    INFO  valid result: 
recall@10 : 0.1372    recall@20 : 0.1999    recall@50 : 0.3152    ndcg@10 : 0.0946    ndcg@20 : 0.113    ndcg@50 : 0.1412    
01 Jan 01:47    INFO  epoch 73 training [time: 43.19s, train loss: -20.1177]
01 Jan 01:47    INFO  epoch 73 evaluating [time: 14.35s, valid_score: 0.113400]
01 Jan 01:47    INFO  valid result: 
recall@10 : 0.1375    recall@20 : 0.2007    recall@50 : 0.316    ndcg@10 : 0.095    ndcg@20 : 0.1134    ndcg@50 : 0.1416    
01 Jan 01:47    INFO  Saving current best: saved_best/RauCL-Jan-01-2025_00-26-11.pth
01 Jan 01:48    INFO  epoch 74 training [time: 43.22s, train loss: -20.1180]
01 Jan 01:48    INFO  epoch 74 evaluating [time: 13.45s, valid_score: 0.113800]
01 Jan 01:48    INFO  valid result: 
recall@10 : 0.1369    recall@20 : 0.2011    recall@50 : 0.3145    ndcg@10 : 0.095    ndcg@20 : 0.1138    ndcg@50 : 0.1415    
01 Jan 01:48    INFO  Saving current best: saved_best/RauCL-Jan-01-2025_00-26-11.pth
01 Jan 01:49    INFO  epoch 75 training [time: 43.24s, train loss: -20.1174]
01 Jan 01:49    INFO  epoch 75 evaluating [time: 12.64s, valid_score: 0.113600]
01 Jan 01:49    INFO  valid result: 
recall@10 : 0.137    recall@20 : 0.2009    recall@50 : 0.3149    ndcg@10 : 0.095    ndcg@20 : 0.1136    ndcg@50 : 0.1416    
01 Jan 01:50    INFO  epoch 76 training [time: 43.22s, train loss: -20.1180]
01 Jan 01:50    INFO  epoch 76 evaluating [time: 12.61s, valid_score: 0.114000]
01 Jan 01:50    INFO  valid result: 
recall@10 : 0.1375    recall@20 : 0.201    recall@50 : 0.3154    ndcg@10 : 0.0955    ndcg@20 : 0.114    ndcg@50 : 0.142    
01 Jan 01:50    INFO  Saving current best: saved_best/RauCL-Jan-01-2025_00-26-11.pth
01 Jan 01:51    INFO  epoch 77 training [time: 43.24s, train loss: -20.1179]
01 Jan 01:51    INFO  epoch 77 evaluating [time: 12.81s, valid_score: 0.114200]
01 Jan 01:51    INFO  valid result: 
recall@10 : 0.137    recall@20 : 0.2019    recall@50 : 0.3158    ndcg@10 : 0.0953    ndcg@20 : 0.1142    ndcg@50 : 0.1422    
01 Jan 01:51    INFO  Saving current best: saved_best/RauCL-Jan-01-2025_00-26-11.pth
01 Jan 01:52    INFO  epoch 78 training [time: 43.28s, train loss: -20.1183]
01 Jan 01:52    INFO  epoch 78 evaluating [time: 12.57s, valid_score: 0.114000]
01 Jan 01:52    INFO  valid result: 
recall@10 : 0.1377    recall@20 : 0.2013    recall@50 : 0.3159    ndcg@10 : 0.0955    ndcg@20 : 0.114    ndcg@50 : 0.1421    
01 Jan 01:53    INFO  epoch 79 training [time: 43.25s, train loss: -20.1186]
01 Jan 01:53    INFO  epoch 79 evaluating [time: 12.65s, valid_score: 0.114200]
01 Jan 01:53    INFO  valid result: 
recall@10 : 0.1375    recall@20 : 0.2018    recall@50 : 0.3166    ndcg@10 : 0.0955    ndcg@20 : 0.1142    ndcg@50 : 0.1423    
01 Jan 01:54    INFO  epoch 80 training [time: 43.22s, train loss: -20.1185]
01 Jan 01:54    INFO  epoch 80 evaluating [time: 12.44s, valid_score: 0.114400]
01 Jan 01:54    INFO  valid result: 
recall@10 : 0.1383    recall@20 : 0.202    recall@50 : 0.3165    ndcg@10 : 0.0958    ndcg@20 : 0.1144    ndcg@50 : 0.1424    
01 Jan 01:54    INFO  Saving current best: saved_best/RauCL-Jan-01-2025_00-26-11.pth
01 Jan 01:55    INFO  epoch 81 training [time: 43.26s, train loss: -20.1186]
01 Jan 01:55    INFO  epoch 81 evaluating [time: 24.48s, valid_score: 0.113900]
01 Jan 01:55    INFO  valid result: 
recall@10 : 0.1378    recall@20 : 0.201    recall@50 : 0.3168    ndcg@10 : 0.0954    ndcg@20 : 0.1139    ndcg@50 : 0.1422    
01 Jan 01:56    INFO  epoch 82 training [time: 44.78s, train loss: -20.1189]
01 Jan 01:56    INFO  epoch 82 evaluating [time: 26.60s, valid_score: 0.114500]
01 Jan 01:56    INFO  valid result: 
recall@10 : 0.138    recall@20 : 0.2014    recall@50 : 0.3169    ndcg@10 : 0.0961    ndcg@20 : 0.1145    ndcg@50 : 0.1428    
01 Jan 01:56    INFO  Saving current best: saved_best/RauCL-Jan-01-2025_00-26-11.pth
01 Jan 01:57    INFO  epoch 83 training [time: 44.60s, train loss: -20.1192]
01 Jan 01:57    INFO  epoch 83 evaluating [time: 27.27s, valid_score: 0.114600]
01 Jan 01:57    INFO  valid result: 
recall@10 : 0.1376    recall@20 : 0.2014    recall@50 : 0.3177    ndcg@10 : 0.096    ndcg@20 : 0.1146    ndcg@50 : 0.1431    
01 Jan 01:57    INFO  Saving current best: saved_best/RauCL-Jan-01-2025_00-26-11.pth
01 Jan 01:58    INFO  epoch 84 training [time: 44.65s, train loss: -20.1189]
01 Jan 01:59    INFO  epoch 84 evaluating [time: 27.12s, valid_score: 0.114500]
01 Jan 01:59    INFO  valid result: 
recall@10 : 0.1384    recall@20 : 0.2011    recall@50 : 0.3191    ndcg@10 : 0.0962    ndcg@20 : 0.1145    ndcg@50 : 0.1433    
01 Jan 01:59    INFO  epoch 85 training [time: 44.59s, train loss: -20.1189]
01 Jan 02:00    INFO  epoch 85 evaluating [time: 26.76s, valid_score: 0.114800]
01 Jan 02:00    INFO  valid result: 
recall@10 : 0.1384    recall@20 : 0.202    recall@50 : 0.3184    ndcg@10 : 0.0963    ndcg@20 : 0.1148    ndcg@50 : 0.1434    
01 Jan 02:00    INFO  Saving current best: saved_best/RauCL-Jan-01-2025_00-26-11.pth
01 Jan 02:00    INFO  epoch 86 training [time: 44.58s, train loss: -20.1188]
01 Jan 02:01    INFO  epoch 86 evaluating [time: 25.75s, valid_score: 0.114900]
01 Jan 02:01    INFO  valid result: 
recall@10 : 0.1389    recall@20 : 0.2025    recall@50 : 0.3191    ndcg@10 : 0.0964    ndcg@20 : 0.1149    ndcg@50 : 0.1434    
01 Jan 02:01    INFO  Saving current best: saved_best/RauCL-Jan-01-2025_00-26-11.pth
01 Jan 02:02    INFO  epoch 87 training [time: 44.49s, train loss: -20.1194]
01 Jan 02:02    INFO  epoch 87 evaluating [time: 26.57s, valid_score: 0.115400]
01 Jan 02:02    INFO  valid result: 
recall@10 : 0.139    recall@20 : 0.2032    recall@50 : 0.3184    ndcg@10 : 0.0967    ndcg@20 : 0.1154    ndcg@50 : 0.1436    
01 Jan 02:02    INFO  Saving current best: saved_best/RauCL-Jan-01-2025_00-26-11.pth
01 Jan 02:03    INFO  epoch 88 training [time: 44.49s, train loss: -20.1195]
01 Jan 02:03    INFO  epoch 88 evaluating [time: 26.43s, valid_score: 0.115100]
01 Jan 02:03    INFO  valid result: 
recall@10 : 0.1391    recall@20 : 0.2029    recall@50 : 0.3188    ndcg@10 : 0.0965    ndcg@20 : 0.1151    ndcg@50 : 0.1435    
01 Jan 02:04    INFO  epoch 89 training [time: 44.47s, train loss: -20.1193]
01 Jan 02:04    INFO  epoch 89 evaluating [time: 26.04s, valid_score: 0.114800]
01 Jan 02:04    INFO  valid result: 
recall@10 : 0.1391    recall@20 : 0.2033    recall@50 : 0.3186    ndcg@10 : 0.0961    ndcg@20 : 0.1148    ndcg@50 : 0.1431    
01 Jan 02:05    INFO  epoch 90 training [time: 44.57s, train loss: -20.1195]
01 Jan 02:06    INFO  epoch 90 evaluating [time: 25.95s, valid_score: 0.114500]
01 Jan 02:06    INFO  valid result: 
recall@10 : 0.139    recall@20 : 0.2025    recall@50 : 0.319    ndcg@10 : 0.096    ndcg@20 : 0.1145    ndcg@50 : 0.143    
01 Jan 02:06    INFO  epoch 91 training [time: 44.44s, train loss: -20.1191]
01 Jan 02:07    INFO  epoch 91 evaluating [time: 25.36s, valid_score: 0.114800]
01 Jan 02:07    INFO  valid result: 
recall@10 : 0.1393    recall@20 : 0.2035    recall@50 : 0.3194    ndcg@10 : 0.0961    ndcg@20 : 0.1148    ndcg@50 : 0.1432    
01 Jan 02:08    INFO  epoch 92 training [time: 44.41s, train loss: -20.1196]
01 Jan 02:08    INFO  epoch 92 evaluating [time: 25.65s, valid_score: 0.115000]
01 Jan 02:08    INFO  valid result: 
recall@10 : 0.1397    recall@20 : 0.2032    recall@50 : 0.3202    ndcg@10 : 0.0966    ndcg@20 : 0.115    ndcg@50 : 0.1437    
01 Jan 02:09    INFO  epoch 93 training [time: 44.42s, train loss: -20.1195]
01 Jan 02:09    INFO  epoch 93 evaluating [time: 24.94s, valid_score: 0.115100]
01 Jan 02:09    INFO  valid result: 
recall@10 : 0.1387    recall@20 : 0.2033    recall@50 : 0.3196    ndcg@10 : 0.0962    ndcg@20 : 0.1151    ndcg@50 : 0.1436    
01 Jan 02:10    INFO  epoch 94 training [time: 44.46s, train loss: -20.1195]
01 Jan 02:10    INFO  epoch 94 evaluating [time: 26.82s, valid_score: 0.115200]
01 Jan 02:10    INFO  valid result: 
recall@10 : 0.1391    recall@20 : 0.2034    recall@50 : 0.3215    ndcg@10 : 0.0965    ndcg@20 : 0.1152    ndcg@50 : 0.144    
01 Jan 02:11    INFO  epoch 95 training [time: 44.48s, train loss: -20.1193]
01 Jan 02:11    INFO  epoch 95 evaluating [time: 25.10s, valid_score: 0.115400]
01 Jan 02:11    INFO  valid result: 
recall@10 : 0.1397    recall@20 : 0.204    recall@50 : 0.3205    ndcg@10 : 0.0967    ndcg@20 : 0.1154    ndcg@50 : 0.144    
01 Jan 02:12    INFO  epoch 96 training [time: 44.52s, train loss: -20.1198]
01 Jan 02:13    INFO  epoch 96 evaluating [time: 24.60s, valid_score: 0.115800]
01 Jan 02:13    INFO  valid result: 
recall@10 : 0.139    recall@20 : 0.2045    recall@50 : 0.3216    ndcg@10 : 0.0968    ndcg@20 : 0.1158    ndcg@50 : 0.1445    
01 Jan 02:13    INFO  Saving current best: saved_best/RauCL-Jan-01-2025_00-26-11.pth
01 Jan 02:13    INFO  epoch 97 training [time: 44.46s, train loss: -20.1193]
01 Jan 02:14    INFO  epoch 97 evaluating [time: 25.94s, valid_score: 0.115800]
01 Jan 02:14    INFO  valid result: 
recall@10 : 0.1391    recall@20 : 0.2043    recall@50 : 0.3212    ndcg@10 : 0.0968    ndcg@20 : 0.1158    ndcg@50 : 0.1444    
01 Jan 02:15    INFO  epoch 98 training [time: 44.44s, train loss: -20.1201]
01 Jan 02:15    INFO  epoch 98 evaluating [time: 25.53s, valid_score: 0.115400]
01 Jan 02:15    INFO  valid result: 
recall@10 : 0.1398    recall@20 : 0.204    recall@50 : 0.3205    ndcg@10 : 0.0967    ndcg@20 : 0.1154    ndcg@50 : 0.1439    
01 Jan 02:16    INFO  epoch 99 training [time: 44.48s, train loss: -20.1201]
01 Jan 02:16    INFO  epoch 99 evaluating [time: 26.10s, valid_score: 0.115600]
01 Jan 02:16    INFO  valid result: 
recall@10 : 0.1402    recall@20 : 0.2031    recall@50 : 0.3199    ndcg@10 : 0.0973    ndcg@20 : 0.1156    ndcg@50 : 0.1442    
01 Jan 02:17    INFO  epoch 100 training [time: 44.70s, train loss: -20.1203]
01 Jan 02:17    INFO  epoch 100 evaluating [time: 26.36s, valid_score: 0.115600]
01 Jan 02:17    INFO  valid result: 
recall@10 : 0.1395    recall@20 : 0.2034    recall@50 : 0.3193    ndcg@10 : 0.0971    ndcg@20 : 0.1156    ndcg@50 : 0.1441    
01 Jan 02:18    INFO  epoch 101 training [time: 44.67s, train loss: -20.1197]
01 Jan 02:18    INFO  epoch 101 evaluating [time: 25.94s, valid_score: 0.115500]
01 Jan 02:18    INFO  valid result: 
recall@10 : 0.1403    recall@20 : 0.2028    recall@50 : 0.3191    ndcg@10 : 0.0973    ndcg@20 : 0.1155    ndcg@50 : 0.144    
01 Jan 02:19    INFO  epoch 102 training [time: 44.45s, train loss: -20.1203]
01 Jan 02:20    INFO  epoch 102 evaluating [time: 26.89s, valid_score: 0.115500]
01 Jan 02:20    INFO  valid result: 
recall@10 : 0.1403    recall@20 : 0.2025    recall@50 : 0.3197    ndcg@10 : 0.0974    ndcg@20 : 0.1155    ndcg@50 : 0.1442    
01 Jan 02:20    INFO  epoch 103 training [time: 44.43s, train loss: -20.1198]
01 Jan 02:21    INFO  epoch 103 evaluating [time: 25.86s, valid_score: 0.115500]
01 Jan 02:21    INFO  valid result: 
recall@10 : 0.1399    recall@20 : 0.2023    recall@50 : 0.3198    ndcg@10 : 0.0973    ndcg@20 : 0.1155    ndcg@50 : 0.1443    
01 Jan 02:22    INFO  epoch 104 training [time: 44.57s, train loss: -20.1201]
01 Jan 02:22    INFO  epoch 104 evaluating [time: 27.06s, valid_score: 0.115900]
01 Jan 02:22    INFO  valid result: 
recall@10 : 0.1401    recall@20 : 0.204    recall@50 : 0.3197    ndcg@10 : 0.0973    ndcg@20 : 0.1159    ndcg@50 : 0.1442    
01 Jan 02:22    INFO  Saving current best: saved_best/RauCL-Jan-01-2025_00-26-11.pth
01 Jan 02:23    INFO  epoch 105 training [time: 44.53s, train loss: -20.1202]
01 Jan 02:23    INFO  epoch 105 evaluating [time: 25.88s, valid_score: 0.115400]
01 Jan 02:23    INFO  valid result: 
recall@10 : 0.1398    recall@20 : 0.203    recall@50 : 0.32    ndcg@10 : 0.097    ndcg@20 : 0.1154    ndcg@50 : 0.144    
01 Jan 02:24    INFO  epoch 106 training [time: 44.41s, train loss: -20.1203]
01 Jan 02:24    INFO  epoch 106 evaluating [time: 25.73s, valid_score: 0.115600]
01 Jan 02:24    INFO  valid result: 
recall@10 : 0.1395    recall@20 : 0.2028    recall@50 : 0.3207    ndcg@10 : 0.0972    ndcg@20 : 0.1156    ndcg@50 : 0.1445    
01 Jan 02:25    INFO  epoch 107 training [time: 44.63s, train loss: -20.1204]
01 Jan 02:26    INFO  epoch 107 evaluating [time: 26.51s, valid_score: 0.115900]
01 Jan 02:26    INFO  valid result: 
recall@10 : 0.1396    recall@20 : 0.2042    recall@50 : 0.3208    ndcg@10 : 0.0971    ndcg@20 : 0.1159    ndcg@50 : 0.1444    
01 Jan 02:26    INFO  epoch 108 training [time: 44.45s, train loss: -20.1202]
01 Jan 02:27    INFO  epoch 108 evaluating [time: 25.51s, valid_score: 0.116000]
01 Jan 02:27    INFO  valid result: 
recall@10 : 0.1402    recall@20 : 0.204    recall@50 : 0.3195    ndcg@10 : 0.0974    ndcg@20 : 0.116    ndcg@50 : 0.1443    
01 Jan 02:27    INFO  Saving current best: saved_best/RauCL-Jan-01-2025_00-26-11.pth
01 Jan 02:28    INFO  epoch 109 training [time: 44.54s, train loss: -20.1200]
01 Jan 02:28    INFO  epoch 109 evaluating [time: 26.11s, valid_score: 0.116300]
01 Jan 02:28    INFO  valid result: 
recall@10 : 0.1396    recall@20 : 0.204    recall@50 : 0.3208    ndcg@10 : 0.0975    ndcg@20 : 0.1163    ndcg@50 : 0.1448    
01 Jan 02:28    INFO  Saving current best: saved_best/RauCL-Jan-01-2025_00-26-11.pth
01 Jan 02:29    INFO  epoch 110 training [time: 44.47s, train loss: -20.1202]
01 Jan 02:29    INFO  epoch 110 evaluating [time: 25.11s, valid_score: 0.116000]
01 Jan 02:29    INFO  valid result: 
recall@10 : 0.14    recall@20 : 0.203    recall@50 : 0.321    ndcg@10 : 0.0977    ndcg@20 : 0.116    ndcg@50 : 0.1449    
01 Jan 02:30    INFO  epoch 111 training [time: 44.32s, train loss: -20.1208]
01 Jan 02:30    INFO  epoch 111 evaluating [time: 25.68s, valid_score: 0.116200]
01 Jan 02:30    INFO  valid result: 
recall@10 : 0.1406    recall@20 : 0.2035    recall@50 : 0.3215    ndcg@10 : 0.0979    ndcg@20 : 0.1162    ndcg@50 : 0.1451    
01 Jan 02:31    INFO  epoch 112 training [time: 44.39s, train loss: -20.1203]
01 Jan 02:31    INFO  epoch 112 evaluating [time: 25.32s, valid_score: 0.116200]
01 Jan 02:31    INFO  valid result: 
recall@10 : 0.1408    recall@20 : 0.2029    recall@50 : 0.3204    ndcg@10 : 0.0981    ndcg@20 : 0.1162    ndcg@50 : 0.1449    
01 Jan 02:32    INFO  epoch 113 training [time: 44.34s, train loss: -20.1200]
01 Jan 02:33    INFO  epoch 113 evaluating [time: 24.76s, valid_score: 0.116500]
01 Jan 02:33    INFO  valid result: 
recall@10 : 0.1401    recall@20 : 0.2031    recall@50 : 0.3203    ndcg@10 : 0.0981    ndcg@20 : 0.1165    ndcg@50 : 0.1451    
01 Jan 02:33    INFO  Saving current best: saved_best/RauCL-Jan-01-2025_00-26-11.pth
01 Jan 02:33    INFO  epoch 114 training [time: 44.35s, train loss: -20.1208]
01 Jan 02:34    INFO  epoch 114 evaluating [time: 25.34s, valid_score: 0.116300]
01 Jan 02:34    INFO  valid result: 
recall@10 : 0.1405    recall@20 : 0.2029    recall@50 : 0.3211    ndcg@10 : 0.0981    ndcg@20 : 0.1163    ndcg@50 : 0.1452    
01 Jan 02:34    INFO  epoch 115 training [time: 44.50s, train loss: -20.1207]
01 Jan 02:35    INFO  epoch 115 evaluating [time: 24.68s, valid_score: 0.115900]
01 Jan 02:35    INFO  valid result: 
recall@10 : 0.1398    recall@20 : 0.2031    recall@50 : 0.3211    ndcg@10 : 0.0975    ndcg@20 : 0.1159    ndcg@50 : 0.1448    
01 Jan 02:36    INFO  epoch 116 training [time: 44.39s, train loss: -20.1208]
01 Jan 02:36    INFO  epoch 116 evaluating [time: 24.72s, valid_score: 0.116200]
01 Jan 02:36    INFO  valid result: 
recall@10 : 0.1393    recall@20 : 0.203    recall@50 : 0.3215    ndcg@10 : 0.0977    ndcg@20 : 0.1162    ndcg@50 : 0.1452    
01 Jan 02:37    INFO  epoch 117 training [time: 44.30s, train loss: -20.1205]
01 Jan 02:37    INFO  epoch 117 evaluating [time: 25.35s, valid_score: 0.116200]
01 Jan 02:37    INFO  valid result: 
recall@10 : 0.1408    recall@20 : 0.203    recall@50 : 0.3207    ndcg@10 : 0.0981    ndcg@20 : 0.1162    ndcg@50 : 0.145    
01 Jan 02:38    INFO  epoch 118 training [time: 44.31s, train loss: -20.1204]
01 Jan 02:38    INFO  epoch 118 evaluating [time: 25.32s, valid_score: 0.116000]
01 Jan 02:38    INFO  valid result: 
recall@10 : 0.1406    recall@20 : 0.2025    recall@50 : 0.3214    ndcg@10 : 0.098    ndcg@20 : 0.116    ndcg@50 : 0.145    
01 Jan 02:39    INFO  epoch 119 training [time: 44.34s, train loss: -20.1204]
01 Jan 02:40    INFO  epoch 119 evaluating [time: 25.36s, valid_score: 0.116200]
01 Jan 02:40    INFO  valid result: 
recall@10 : 0.139    recall@20 : 0.2037    recall@50 : 0.3209    ndcg@10 : 0.0974    ndcg@20 : 0.1162    ndcg@50 : 0.1449    
01 Jan 02:40    INFO  epoch 120 training [time: 44.39s, train loss: -20.1210]
01 Jan 02:41    INFO  epoch 120 evaluating [time: 25.28s, valid_score: 0.116300]
01 Jan 02:41    INFO  valid result: 
recall@10 : 0.1398    recall@20 : 0.2039    recall@50 : 0.3194    ndcg@10 : 0.0976    ndcg@20 : 0.1163    ndcg@50 : 0.1446    
01 Jan 02:41    INFO  epoch 121 training [time: 44.40s, train loss: -20.1210]
01 Jan 02:42    INFO  epoch 121 evaluating [time: 25.44s, valid_score: 0.115900]
01 Jan 02:42    INFO  valid result: 
recall@10 : 0.1409    recall@20 : 0.2039    recall@50 : 0.3219    ndcg@10 : 0.0976    ndcg@20 : 0.1159    ndcg@50 : 0.1447    
01 Jan 02:43    INFO  epoch 122 training [time: 44.35s, train loss: -20.1207]
01 Jan 02:43    INFO  epoch 122 evaluating [time: 25.86s, valid_score: 0.116500]
01 Jan 02:43    INFO  valid result: 
recall@10 : 0.1397    recall@20 : 0.2036    recall@50 : 0.3215    ndcg@10 : 0.0979    ndcg@20 : 0.1165    ndcg@50 : 0.1453    
01 Jan 02:44    INFO  epoch 123 training [time: 44.37s, train loss: -20.1206]
01 Jan 02:44    INFO  epoch 123 evaluating [time: 25.09s, valid_score: 0.117000]
01 Jan 02:44    INFO  valid result: 
recall@10 : 0.1399    recall@20 : 0.2053    recall@50 : 0.3222    ndcg@10 : 0.098    ndcg@20 : 0.117    ndcg@50 : 0.1455    
01 Jan 02:44    INFO  Saving current best: saved_best/RauCL-Jan-01-2025_00-26-11.pth
01 Jan 02:45    INFO  epoch 124 training [time: 44.38s, train loss: -20.1209]
01 Jan 02:45    INFO  epoch 124 evaluating [time: 25.72s, valid_score: 0.116600]
01 Jan 02:45    INFO  valid result: 
recall@10 : 0.1396    recall@20 : 0.204    recall@50 : 0.3217    ndcg@10 : 0.0979    ndcg@20 : 0.1166    ndcg@50 : 0.1454    
01 Jan 02:46    INFO  epoch 125 training [time: 44.42s, train loss: -20.1210]
01 Jan 02:47    INFO  epoch 125 evaluating [time: 24.77s, valid_score: 0.116900]
01 Jan 02:47    INFO  valid result: 
recall@10 : 0.1391    recall@20 : 0.2048    recall@50 : 0.3219    ndcg@10 : 0.0978    ndcg@20 : 0.1169    ndcg@50 : 0.1456    
01 Jan 02:47    INFO  epoch 126 training [time: 44.34s, train loss: -20.1206]
01 Jan 02:48    INFO  epoch 126 evaluating [time: 24.94s, valid_score: 0.117000]
01 Jan 02:48    INFO  valid result: 
recall@10 : 0.1401    recall@20 : 0.2046    recall@50 : 0.3221    ndcg@10 : 0.0982    ndcg@20 : 0.117    ndcg@50 : 0.1457    
01 Jan 02:48    INFO  epoch 127 training [time: 44.36s, train loss: -20.1212]
01 Jan 02:49    INFO  epoch 127 evaluating [time: 25.10s, valid_score: 0.116900]
01 Jan 02:49    INFO  valid result: 
recall@10 : 0.1409    recall@20 : 0.205    recall@50 : 0.3216    ndcg@10 : 0.0982    ndcg@20 : 0.1169    ndcg@50 : 0.1454    
01 Jan 02:50    INFO  epoch 128 training [time: 44.44s, train loss: -20.1203]
01 Jan 02:50    INFO  epoch 128 evaluating [time: 25.20s, valid_score: 0.116600]
01 Jan 02:50    INFO  valid result: 
recall@10 : 0.1401    recall@20 : 0.2048    recall@50 : 0.3219    ndcg@10 : 0.0978    ndcg@20 : 0.1166    ndcg@50 : 0.1453    
01 Jan 02:51    INFO  epoch 129 training [time: 44.28s, train loss: -20.1211]
01 Jan 02:51    INFO  epoch 129 evaluating [time: 25.15s, valid_score: 0.116800]
01 Jan 02:51    INFO  valid result: 
recall@10 : 0.1402    recall@20 : 0.2034    recall@50 : 0.3228    ndcg@10 : 0.0984    ndcg@20 : 0.1168    ndcg@50 : 0.146    
01 Jan 02:52    INFO  epoch 130 training [time: 44.34s, train loss: -20.1211]
01 Jan 02:52    INFO  epoch 130 evaluating [time: 25.11s, valid_score: 0.116700]
01 Jan 02:52    INFO  valid result: 
recall@10 : 0.1409    recall@20 : 0.2045    recall@50 : 0.3219    ndcg@10 : 0.0983    ndcg@20 : 0.1167    ndcg@50 : 0.1454    
01 Jan 02:53    INFO  epoch 131 training [time: 44.39s, train loss: -20.1213]
01 Jan 02:53    INFO  epoch 131 evaluating [time: 25.45s, valid_score: 0.116800]
01 Jan 02:53    INFO  valid result: 
recall@10 : 0.1399    recall@20 : 0.205    recall@50 : 0.3224    ndcg@10 : 0.0979    ndcg@20 : 0.1168    ndcg@50 : 0.1455    
01 Jan 02:54    INFO  epoch 132 training [time: 44.42s, train loss: -20.1214]
01 Jan 02:55    INFO  epoch 132 evaluating [time: 24.93s, valid_score: 0.117100]
01 Jan 02:55    INFO  valid result: 
recall@10 : 0.1411    recall@20 : 0.205    recall@50 : 0.3217    ndcg@10 : 0.0985    ndcg@20 : 0.1171    ndcg@50 : 0.1457    
01 Jan 02:55    INFO  Saving current best: saved_best/RauCL-Jan-01-2025_00-26-11.pth
01 Jan 02:55    INFO  epoch 133 training [time: 44.44s, train loss: -20.1216]
01 Jan 02:56    INFO  epoch 133 evaluating [time: 24.39s, valid_score: 0.116900]
01 Jan 02:56    INFO  valid result: 
recall@10 : 0.1412    recall@20 : 0.204    recall@50 : 0.3217    ndcg@10 : 0.0986    ndcg@20 : 0.1169    ndcg@50 : 0.1457    
01 Jan 02:57    INFO  epoch 134 training [time: 44.33s, train loss: -20.1213]
01 Jan 02:57    INFO  epoch 134 evaluating [time: 25.50s, valid_score: 0.117000]
01 Jan 02:57    INFO  valid result: 
recall@10 : 0.1408    recall@20 : 0.204    recall@50 : 0.3226    ndcg@10 : 0.0986    ndcg@20 : 0.117    ndcg@50 : 0.1459    
01 Jan 02:58    INFO  epoch 135 training [time: 44.31s, train loss: -20.1212]
01 Jan 02:58    INFO  epoch 135 evaluating [time: 25.06s, valid_score: 0.117200]
01 Jan 02:58    INFO  valid result: 
recall@10 : 0.1408    recall@20 : 0.205    recall@50 : 0.322    ndcg@10 : 0.0985    ndcg@20 : 0.1172    ndcg@50 : 0.1459    
01 Jan 02:58    INFO  Saving current best: saved_best/RauCL-Jan-01-2025_00-26-11.pth
01 Jan 02:59    INFO  epoch 136 training [time: 44.41s, train loss: -20.1209]
01 Jan 02:59    INFO  epoch 136 evaluating [time: 24.65s, valid_score: 0.117100]
01 Jan 02:59    INFO  valid result: 
recall@10 : 0.1409    recall@20 : 0.2044    recall@50 : 0.3223    ndcg@10 : 0.0986    ndcg@20 : 0.1171    ndcg@50 : 0.146    
01 Jan 03:00    INFO  epoch 137 training [time: 43.51s, train loss: -20.1213]
01 Jan 03:00    INFO  epoch 137 evaluating [time: 12.58s, valid_score: 0.117100]
01 Jan 03:00    INFO  valid result: 
recall@10 : 0.1408    recall@20 : 0.2045    recall@50 : 0.3225    ndcg@10 : 0.0985    ndcg@20 : 0.1171    ndcg@50 : 0.1459    
01 Jan 03:01    INFO  epoch 138 training [time: 43.23s, train loss: -20.1213]
01 Jan 03:01    INFO  epoch 138 evaluating [time: 12.63s, valid_score: 0.117100]
01 Jan 03:01    INFO  valid result: 
recall@10 : 0.1409    recall@20 : 0.2047    recall@50 : 0.3223    ndcg@10 : 0.0985    ndcg@20 : 0.1171    ndcg@50 : 0.1459    
01 Jan 03:02    INFO  epoch 139 training [time: 43.29s, train loss: -20.1213]
01 Jan 03:02    INFO  epoch 139 evaluating [time: 12.79s, valid_score: 0.117000]
01 Jan 03:02    INFO  valid result: 
recall@10 : 0.1412    recall@20 : 0.2051    recall@50 : 0.3223    ndcg@10 : 0.0984    ndcg@20 : 0.117    ndcg@50 : 0.1457    
01 Jan 03:03    INFO  epoch 140 training [time: 43.32s, train loss: -20.1209]
01 Jan 03:03    INFO  epoch 140 evaluating [time: 12.57s, valid_score: 0.117500]
01 Jan 03:03    INFO  valid result: 
recall@10 : 0.1417    recall@20 : 0.206    recall@50 : 0.3225    ndcg@10 : 0.0988    ndcg@20 : 0.1175    ndcg@50 : 0.146    
01 Jan 03:03    INFO  Saving current best: saved_best/RauCL-Jan-01-2025_00-26-11.pth
01 Jan 03:04    INFO  epoch 141 training [time: 43.32s, train loss: -20.1213]
01 Jan 03:04    INFO  epoch 141 evaluating [time: 12.55s, valid_score: 0.117400]
01 Jan 03:04    INFO  valid result: 
recall@10 : 0.1408    recall@20 : 0.2058    recall@50 : 0.3214    ndcg@10 : 0.0984    ndcg@20 : 0.1174    ndcg@50 : 0.1457    
01 Jan 03:05    INFO  epoch 142 training [time: 43.30s, train loss: -20.1212]
01 Jan 03:05    INFO  epoch 142 evaluating [time: 12.82s, valid_score: 0.117800]
01 Jan 03:05    INFO  valid result: 
recall@10 : 0.1411    recall@20 : 0.2057    recall@50 : 0.3221    ndcg@10 : 0.0989    ndcg@20 : 0.1178    ndcg@50 : 0.1463    
01 Jan 03:05    INFO  Saving current best: saved_best/RauCL-Jan-01-2025_00-26-11.pth
01 Jan 03:06    INFO  epoch 143 training [time: 43.35s, train loss: -20.1216]
01 Jan 03:06    INFO  epoch 143 evaluating [time: 12.80s, valid_score: 0.117600]
01 Jan 03:06    INFO  valid result: 
recall@10 : 0.1418    recall@20 : 0.2055    recall@50 : 0.3229    ndcg@10 : 0.099    ndcg@20 : 0.1176    ndcg@50 : 0.1463    
01 Jan 03:07    INFO  epoch 144 training [time: 43.30s, train loss: -20.1216]
01 Jan 03:07    INFO  epoch 144 evaluating [time: 12.84s, valid_score: 0.117700]
01 Jan 03:07    INFO  valid result: 
recall@10 : 0.1413    recall@20 : 0.2055    recall@50 : 0.3228    ndcg@10 : 0.099    ndcg@20 : 0.1177    ndcg@50 : 0.1464    
01 Jan 03:07    INFO  epoch 145 training [time: 43.29s, train loss: -20.1210]
01 Jan 03:08    INFO  epoch 145 evaluating [time: 12.40s, valid_score: 0.116700]
01 Jan 03:08    INFO  valid result: 
recall@10 : 0.1415    recall@20 : 0.2037    recall@50 : 0.3226    ndcg@10 : 0.0985    ndcg@20 : 0.1167    ndcg@50 : 0.1458    
01 Jan 03:08    INFO  epoch 146 training [time: 43.31s, train loss: -20.1216]
01 Jan 03:09    INFO  epoch 146 evaluating [time: 12.26s, valid_score: 0.116800]
01 Jan 03:09    INFO  valid result: 
recall@10 : 0.1407    recall@20 : 0.2047    recall@50 : 0.3232    ndcg@10 : 0.0982    ndcg@20 : 0.1168    ndcg@50 : 0.1457    
01 Jan 03:09    INFO  epoch 147 training [time: 43.31s, train loss: -20.1215]
01 Jan 03:10    INFO  epoch 147 evaluating [time: 12.79s, valid_score: 0.117600]
01 Jan 03:10    INFO  valid result: 
recall@10 : 0.1417    recall@20 : 0.2055    recall@50 : 0.3221    ndcg@10 : 0.099    ndcg@20 : 0.1176    ndcg@50 : 0.1461    
01 Jan 03:10    INFO  epoch 148 training [time: 43.30s, train loss: -20.1218]
01 Jan 03:10    INFO  epoch 148 evaluating [time: 12.57s, valid_score: 0.117400]
01 Jan 03:10    INFO  valid result: 
recall@10 : 0.1412    recall@20 : 0.2067    recall@50 : 0.3215    ndcg@10 : 0.0984    ndcg@20 : 0.1174    ndcg@50 : 0.1455    
01 Jan 03:11    INFO  epoch 149 training [time: 43.29s, train loss: -20.1223]
01 Jan 03:11    INFO  epoch 149 evaluating [time: 13.53s, valid_score: 0.117700]
01 Jan 03:11    INFO  valid result: 
recall@10 : 0.1416    recall@20 : 0.2059    recall@50 : 0.3214    ndcg@10 : 0.099    ndcg@20 : 0.1177    ndcg@50 : 0.146    
01 Jan 03:12    INFO  epoch 150 training [time: 43.30s, train loss: -20.1215]
01 Jan 03:12    INFO  epoch 150 evaluating [time: 12.42s, valid_score: 0.117800]
01 Jan 03:12    INFO  valid result: 
recall@10 : 0.142    recall@20 : 0.2055    recall@50 : 0.3221    ndcg@10 : 0.0993    ndcg@20 : 0.1178    ndcg@50 : 0.1464    
01 Jan 03:13    INFO  epoch 151 training [time: 43.30s, train loss: -20.1215]
01 Jan 03:13    INFO  epoch 151 evaluating [time: 12.64s, valid_score: 0.117800]
01 Jan 03:13    INFO  valid result: 
recall@10 : 0.1415    recall@20 : 0.2058    recall@50 : 0.3221    ndcg@10 : 0.099    ndcg@20 : 0.1178    ndcg@50 : 0.1462    
01 Jan 03:14    INFO  epoch 152 training [time: 43.31s, train loss: -20.1216]
01 Jan 03:14    INFO  epoch 152 evaluating [time: 13.70s, valid_score: 0.118000]
01 Jan 03:14    INFO  valid result: 
recall@10 : 0.1421    recall@20 : 0.2064    recall@50 : 0.3234    ndcg@10 : 0.0993    ndcg@20 : 0.118    ndcg@50 : 0.1466    
01 Jan 03:14    INFO  Saving current best: saved_best/RauCL-Jan-01-2025_00-26-11.pth
01 Jan 03:15    INFO  epoch 153 training [time: 43.31s, train loss: -20.1220]
01 Jan 03:15    INFO  epoch 153 evaluating [time: 12.44s, valid_score: 0.117700]
01 Jan 03:15    INFO  valid result: 
recall@10 : 0.1416    recall@20 : 0.2057    recall@50 : 0.3218    ndcg@10 : 0.099    ndcg@20 : 0.1177    ndcg@50 : 0.146    
01 Jan 03:16    INFO  epoch 154 training [time: 44.29s, train loss: -20.1217]
01 Jan 03:16    INFO  epoch 154 evaluating [time: 15.20s, valid_score: 0.117900]
01 Jan 03:16    INFO  valid result: 
recall@10 : 0.1416    recall@20 : 0.2067    recall@50 : 0.3221    ndcg@10 : 0.099    ndcg@20 : 0.1179    ndcg@50 : 0.1461    
01 Jan 03:17    INFO  epoch 155 training [time: 43.30s, train loss: -20.1217]
01 Jan 03:17    INFO  epoch 155 evaluating [time: 13.14s, valid_score: 0.117400]
01 Jan 03:17    INFO  valid result: 
recall@10 : 0.1416    recall@20 : 0.2057    recall@50 : 0.3225    ndcg@10 : 0.0988    ndcg@20 : 0.1174    ndcg@50 : 0.1459    
01 Jan 03:18    INFO  epoch 156 training [time: 43.31s, train loss: -20.1213]
01 Jan 03:18    INFO  epoch 156 evaluating [time: 12.56s, valid_score: 0.117200]
01 Jan 03:18    INFO  valid result: 
recall@10 : 0.1413    recall@20 : 0.2056    recall@50 : 0.3231    ndcg@10 : 0.0986    ndcg@20 : 0.1172    ndcg@50 : 0.146    
01 Jan 03:19    INFO  epoch 157 training [time: 43.32s, train loss: -20.1218]
01 Jan 03:19    INFO  epoch 157 evaluating [time: 12.81s, valid_score: 0.117300]
01 Jan 03:19    INFO  valid result: 
recall@10 : 0.1409    recall@20 : 0.2051    recall@50 : 0.3227    ndcg@10 : 0.0986    ndcg@20 : 0.1173    ndcg@50 : 0.146    
01 Jan 03:20    INFO  epoch 158 training [time: 43.30s, train loss: -20.1222]
01 Jan 03:20    INFO  epoch 158 evaluating [time: 12.58s, valid_score: 0.117300]
01 Jan 03:20    INFO  valid result: 
recall@10 : 0.1413    recall@20 : 0.2048    recall@50 : 0.3235    ndcg@10 : 0.0987    ndcg@20 : 0.1173    ndcg@50 : 0.1463    
01 Jan 03:21    INFO  epoch 159 training [time: 43.30s, train loss: -20.1221]
01 Jan 03:21    INFO  epoch 159 evaluating [time: 12.78s, valid_score: 0.117700]
01 Jan 03:21    INFO  valid result: 
recall@10 : 0.143    recall@20 : 0.2053    recall@50 : 0.3245    ndcg@10 : 0.0995    ndcg@20 : 0.1177    ndcg@50 : 0.1468    
01 Jan 03:22    INFO  epoch 160 training [time: 43.30s, train loss: -20.1217]
01 Jan 03:22    INFO  epoch 160 evaluating [time: 12.58s, valid_score: 0.118100]
01 Jan 03:22    INFO  valid result: 
recall@10 : 0.1418    recall@20 : 0.2065    recall@50 : 0.3245    ndcg@10 : 0.0992    ndcg@20 : 0.1181    ndcg@50 : 0.1469    
01 Jan 03:22    INFO  Saving current best: saved_best/RauCL-Jan-01-2025_00-26-11.pth
01 Jan 03:22    INFO  epoch 161 training [time: 43.32s, train loss: -20.1215]
01 Jan 03:23    INFO  epoch 161 evaluating [time: 12.30s, valid_score: 0.117700]
01 Jan 03:23    INFO  valid result: 
recall@10 : 0.141    recall@20 : 0.2058    recall@50 : 0.3242    ndcg@10 : 0.0989    ndcg@20 : 0.1177    ndcg@50 : 0.1467    
01 Jan 03:23    INFO  epoch 162 training [time: 43.33s, train loss: -20.1219]
01 Jan 03:24    INFO  epoch 162 evaluating [time: 12.65s, valid_score: 0.118500]
01 Jan 03:24    INFO  valid result: 
recall@10 : 0.1419    recall@20 : 0.2064    recall@50 : 0.3232    ndcg@10 : 0.0996    ndcg@20 : 0.1185    ndcg@50 : 0.147    
01 Jan 03:24    INFO  Saving current best: saved_best/RauCL-Jan-01-2025_00-26-11.pth
01 Jan 03:24    INFO  epoch 163 training [time: 43.30s, train loss: -20.1218]
01 Jan 03:25    INFO  epoch 163 evaluating [time: 12.32s, valid_score: 0.118000]
01 Jan 03:25    INFO  valid result: 
recall@10 : 0.1418    recall@20 : 0.2059    recall@50 : 0.3235    ndcg@10 : 0.0993    ndcg@20 : 0.118    ndcg@50 : 0.1468    
01 Jan 03:25    INFO  epoch 164 training [time: 43.30s, train loss: -20.1221]
01 Jan 03:25    INFO  epoch 164 evaluating [time: 12.60s, valid_score: 0.118400]
01 Jan 03:25    INFO  valid result: 
recall@10 : 0.1415    recall@20 : 0.207    recall@50 : 0.3225    ndcg@10 : 0.0994    ndcg@20 : 0.1184    ndcg@50 : 0.1467    
01 Jan 03:26    INFO  epoch 165 training [time: 43.29s, train loss: -20.1219]
01 Jan 03:26    INFO  epoch 165 evaluating [time: 12.37s, valid_score: 0.118300]
01 Jan 03:26    INFO  valid result: 
recall@10 : 0.1421    recall@20 : 0.2068    recall@50 : 0.3233    ndcg@10 : 0.0994    ndcg@20 : 0.1183    ndcg@50 : 0.1468    
01 Jan 03:27    INFO  epoch 166 training [time: 43.30s, train loss: -20.1221]
01 Jan 03:27    INFO  epoch 166 evaluating [time: 12.33s, valid_score: 0.118300]
01 Jan 03:27    INFO  valid result: 
recall@10 : 0.1427    recall@20 : 0.2069    recall@50 : 0.3223    ndcg@10 : 0.0996    ndcg@20 : 0.1183    ndcg@50 : 0.1466    
01 Jan 03:28    INFO  epoch 167 training [time: 43.28s, train loss: -20.1218]
01 Jan 03:28    INFO  epoch 167 evaluating [time: 14.13s, valid_score: 0.117900]
01 Jan 03:28    INFO  valid result: 
recall@10 : 0.1424    recall@20 : 0.2059    recall@50 : 0.3249    ndcg@10 : 0.0994    ndcg@20 : 0.1179    ndcg@50 : 0.1469    
01 Jan 03:29    INFO  epoch 168 training [time: 44.59s, train loss: -20.1223]
01 Jan 03:29    INFO  epoch 168 evaluating [time: 26.35s, valid_score: 0.117800]
01 Jan 03:29    INFO  valid result: 
recall@10 : 0.1422    recall@20 : 0.2065    recall@50 : 0.3245    ndcg@10 : 0.0991    ndcg@20 : 0.1178    ndcg@50 : 0.1466    
01 Jan 03:30    INFO  epoch 169 training [time: 44.58s, train loss: -20.1219]
01 Jan 03:31    INFO  epoch 169 evaluating [time: 26.48s, valid_score: 0.117900]
01 Jan 03:31    INFO  valid result: 
recall@10 : 0.1418    recall@20 : 0.2059    recall@50 : 0.3239    ndcg@10 : 0.0992    ndcg@20 : 0.1179    ndcg@50 : 0.1467    
01 Jan 03:31    INFO  epoch 170 training [time: 44.58s, train loss: -20.1219]
01 Jan 03:32    INFO  epoch 170 evaluating [time: 26.79s, valid_score: 0.118200]
01 Jan 03:32    INFO  valid result: 
recall@10 : 0.1418    recall@20 : 0.2061    recall@50 : 0.3243    ndcg@10 : 0.0995    ndcg@20 : 0.1182    ndcg@50 : 0.147    
01 Jan 03:33    INFO  epoch 171 training [time: 44.61s, train loss: -20.1215]
01 Jan 03:33    INFO  epoch 171 evaluating [time: 26.75s, valid_score: 0.118000]
01 Jan 03:33    INFO  valid result: 
recall@10 : 0.1414    recall@20 : 0.2067    recall@50 : 0.324    ndcg@10 : 0.099    ndcg@20 : 0.118    ndcg@50 : 0.1466    
01 Jan 03:34    INFO  epoch 172 training [time: 44.60s, train loss: -20.1220]
01 Jan 03:34    INFO  epoch 172 evaluating [time: 27.52s, valid_score: 0.118600]
01 Jan 03:34    INFO  valid result: 
recall@10 : 0.1428    recall@20 : 0.2067    recall@50 : 0.3245    ndcg@10 : 0.1    ndcg@20 : 0.1186    ndcg@50 : 0.1474    
01 Jan 03:34    INFO  Saving current best: saved_best/RauCL-Jan-01-2025_00-26-11.pth
01 Jan 03:35    INFO  epoch 173 training [time: 44.46s, train loss: -20.1225]
01 Jan 03:35    INFO  epoch 173 evaluating [time: 25.82s, valid_score: 0.118000]
01 Jan 03:35    INFO  valid result: 
recall@10 : 0.1426    recall@20 : 0.2057    recall@50 : 0.3231    ndcg@10 : 0.0997    ndcg@20 : 0.118    ndcg@50 : 0.1467    
01 Jan 03:36    INFO  epoch 174 training [time: 44.46s, train loss: -20.1217]
01 Jan 03:37    INFO  epoch 174 evaluating [time: 26.32s, valid_score: 0.117900]
01 Jan 03:37    INFO  valid result: 
recall@10 : 0.1419    recall@20 : 0.205    recall@50 : 0.323    ndcg@10 : 0.0995    ndcg@20 : 0.1179    ndcg@50 : 0.1468    
01 Jan 03:37    INFO  epoch 175 training [time: 44.39s, train loss: -20.1222]
01 Jan 03:38    INFO  epoch 175 evaluating [time: 25.49s, valid_score: 0.118100]
01 Jan 03:38    INFO  valid result: 
recall@10 : 0.1412    recall@20 : 0.2059    recall@50 : 0.3229    ndcg@10 : 0.0992    ndcg@20 : 0.1181    ndcg@50 : 0.1466    
01 Jan 03:38    INFO  epoch 176 training [time: 44.44s, train loss: -20.1221]
01 Jan 03:39    INFO  epoch 176 evaluating [time: 25.62s, valid_score: 0.118000]
01 Jan 03:39    INFO  valid result: 
recall@10 : 0.1421    recall@20 : 0.2064    recall@50 : 0.323    ndcg@10 : 0.0993    ndcg@20 : 0.118    ndcg@50 : 0.1465    
01 Jan 03:40    INFO  epoch 177 training [time: 44.48s, train loss: -20.1226]
01 Jan 03:40    INFO  epoch 177 evaluating [time: 26.24s, valid_score: 0.117900]
01 Jan 03:40    INFO  valid result: 
recall@10 : 0.1413    recall@20 : 0.2051    recall@50 : 0.3226    ndcg@10 : 0.0993    ndcg@20 : 0.1179    ndcg@50 : 0.1466    
01 Jan 03:41    INFO  epoch 178 training [time: 44.40s, train loss: -20.1223]
01 Jan 03:41    INFO  epoch 178 evaluating [time: 25.01s, valid_score: 0.118200]
01 Jan 03:41    INFO  valid result: 
recall@10 : 0.1416    recall@20 : 0.2063    recall@50 : 0.322    ndcg@10 : 0.0994    ndcg@20 : 0.1182    ndcg@50 : 0.1466    
01 Jan 03:42    INFO  epoch 179 training [time: 44.42s, train loss: -20.1221]
01 Jan 03:42    INFO  epoch 179 evaluating [time: 25.24s, valid_score: 0.117900]
01 Jan 03:42    INFO  valid result: 
recall@10 : 0.1415    recall@20 : 0.2056    recall@50 : 0.3221    ndcg@10 : 0.0992    ndcg@20 : 0.1179    ndcg@50 : 0.1465    
01 Jan 03:43    INFO  epoch 180 training [time: 44.40s, train loss: -20.1221]
01 Jan 03:44    INFO  epoch 180 evaluating [time: 25.74s, valid_score: 0.117900]
01 Jan 03:44    INFO  valid result: 
recall@10 : 0.1412    recall@20 : 0.2056    recall@50 : 0.3227    ndcg@10 : 0.0991    ndcg@20 : 0.1179    ndcg@50 : 0.1466    
01 Jan 03:44    INFO  epoch 181 training [time: 44.44s, train loss: -20.1221]
01 Jan 03:45    INFO  epoch 181 evaluating [time: 25.90s, valid_score: 0.118100]
01 Jan 03:45    INFO  valid result: 
recall@10 : 0.1419    recall@20 : 0.2059    recall@50 : 0.3232    ndcg@10 : 0.0994    ndcg@20 : 0.1181    ndcg@50 : 0.1468    
01 Jan 03:45    INFO  epoch 182 training [time: 44.44s, train loss: -20.1224]
01 Jan 03:46    INFO  epoch 182 evaluating [time: 26.22s, valid_score: 0.117600]
01 Jan 03:46    INFO  valid result: 
recall@10 : 0.142    recall@20 : 0.205    recall@50 : 0.3236    ndcg@10 : 0.0991    ndcg@20 : 0.1176    ndcg@50 : 0.1466    
01 Jan 03:47    INFO  epoch 183 training [time: 44.35s, train loss: -20.1225]
01 Jan 03:47    INFO  epoch 183 evaluating [time: 24.91s, valid_score: 0.117900]
01 Jan 03:47    INFO  valid result: 
recall@10 : 0.1429    recall@20 : 0.2053    recall@50 : 0.3238    ndcg@10 : 0.0997    ndcg@20 : 0.1179    ndcg@50 : 0.1469    
01 Jan 03:47    INFO  Finished training, best eval result in epoch 172
/data/zhouchao/Raucl/recbole/trainer/trainer.py:403: FutureWarning: You are using `torch.load` with `weights_only=False` (the current default value), which uses the default pickle module implicitly. It is possible to construct malicious pickle data which will execute arbitrary code during unpickling (See https://github.com/pytorch/pytorch/blob/main/SECURITY.md#untrusted-models for more details). In a future release, the default value for `weights_only` will be flipped to `True`. This limits the functions that could be executed during unpickling. Arbitrary objects will no longer be allowed to be loaded via this mode unless they are explicitly allowlisted by the user via `torch.serialization.add_safe_globals`. We recommend you start setting `weights_only=True` for any use case where you don't have full control of the loaded file. Please open an issue on GitHub for any issues related to this experimental feature.
  checkpoint = torch.load(checkpoint_file)
01 Jan 03:47    INFO  Loading model structure and parameters from saved_best/RauCL-Jan-01-2025_00-26-11.pth
01 Jan 03:48    INFO  best valid : {'recall@10': 0.1428, 'recall@20': 0.2067, 'recall@50': 0.3245, 'ndcg@10': 0.1, 'ndcg@20': 0.1186, 'ndcg@50': 0.1474}
01 Jan 03:48    INFO  test result: {'recall@10': 0.1463, 'recall@20': 0.2088, 'recall@50': 0.3239, 'ndcg@10': 0.1049, 'ndcg@20': 0.123, 'ndcg@50': 0.1511}
