01 Jan 12:08    INFO  
General Hyper Parameters:
gpu_id = 0
use_gpu = True
seed = 0
state = INFO
reproducibility = True
data_path = dataset/Gowalla
show_progress = False

Training Hyper Parameters:
checkpoint_dir = saved_best
epochs = 500
train_batch_size = 1024
learner = adam
learning_rate = 0.001
training_neg_sample_num = 0
training_neg_sample_distribution = uniform
eval_step = 1
stopping_step = 10
clip_grad_norm = None
weight_decay = 1e-06
draw_loss_pic = False
loss_decimal_place = 4

Evaluation Hyper Parameters:
eval_setting = RO_RS,full
group_by_user = True
split_ratio = [0.8, 0.1, 0.1]
leave_one_num = 2
real_time_process = False
metrics = ['Recall', 'NDCG']
topk = [10, 20, 50]
valid_metric = NDCG@20
eval_batch_size = 4096
metric_decimal_place = 4

Dataset Hyper Parameters:
field_separator = 	
seq_separator =  
USER_ID_FIELD = user_id
ITEM_ID_FIELD = item_id
RATING_FIELD = rating
TIME_FIELD = timestamp
seq_len = None
LABEL_FIELD = label
threshold = None
NEG_PREFIX = neg_
load_col = {'inter': ['user_id', 'item_id', 'timestamp']}
unload_col = None
unused_col = None
additional_feat_suffix = None
lowest_val = None
highest_val = None
equal_val = None
not_equal_val = None
max_user_inter_num = None
min_user_inter_num = 5
max_item_inter_num = None
min_item_inter_num = 5
fields_in_same_space = None
preload_weight = None
normalize_field = None
normalize_all = None
ITEM_LIST_LENGTH_FIELD = item_length
LIST_SUFFIX = _list
MAX_ITEM_LIST_LENGTH = 50
POSITION_FIELD = position_id
HEAD_ENTITY_ID_FIELD = head_id
TAIL_ENTITY_ID_FIELD = tail_id
RELATION_ID_FIELD = relation_id
ENTITY_ID_FIELD = entity_id

Other Hyper Parameters: 
valid_metric_bigger = True
BT = 0.1
alpha = 0.9
alpha_i = None
alpha_u = None
d = 0.01
embedding_size = 64
encoder = MF
gamma = 2
std = 0.01
std_i = None
std_u = None
times = 1
rm_dup_inter = None
filter_inter_by_user_or_item = True
SOURCE_ID_FIELD = source_id
TARGET_ID_FIELD = target_id
benchmark_filename = None
MODEL_TYPE = ModelType.GENERAL
MODEL_INPUT_TYPE = InputType.POINTWISE
eval_type = EvaluatorType.RANKING
device = cuda
train_neg_sample_args = {'strategy': 'none'}


01 Jan 12:08    INFO  Gowalla
The number of users: 29859
Average actions of users: 34.408533726304505
The number of items: 40982
Average actions of items: 25.06942241526561
The number of inters: 1027370
The sparsity of the dataset: 99.91604269835769%
Remain Fields: ['user_id', 'item_id']
01 Jan 12:08    INFO  Build [GeneralDataLoader] for [train] with format [InputType.POINTWISE]
01 Jan 12:08    INFO  [train] No Negative Sampling
01 Jan 12:08    INFO  [train] batch_size = [1024], shuffle = [True]

01 Jan 12:08    INFO  Build [GeneralFullDataLoader] for [evaluation] with format [InputType.POINTWISE]
01 Jan 12:08    INFO  Evaluation Setting:
	Group by user_id
	Ordering: {'strategy': 'shuffle'}
	Splitting: {'strategy': 'by_ratio', 'ratios': [0.8, 0.1, 0.1]}
	Negative Sampling: {'strategy': 'full', 'distribution': 'uniform'}
01 Jan 12:08    INFO  [evaluation] batch_size = [4096], shuffle = [False]

01 Jan 12:08    WARNING  Batch size is changed to 40982.
01 Jan 12:08    WARNING  Batch size is changed to 40982.
this is encoder MF...
这是directau 的 RE 版本...gamma2, d0.01, alpha0.9, std0.01
01 Jan 12:08    INFO  RauCL(
  (encoder): MFEncoder(
    (user_embedding): Embedding(29859, 64)
    (item_embedding): Embedding(40982, 64)
  )
)
Trainable parameters: 4533824
01 Jan 12:08    INFO  epoch 0 training [time: 16.00s, train loss: -5.9513]
01 Jan 12:08    INFO  epoch 0 evaluating [time: 12.63s, valid_score: 0.039400]
01 Jan 12:08    INFO  valid result: 
recall@10 : 0.0459    recall@20 : 0.0715    recall@50 : 0.1219    ndcg@10 : 0.0315    ndcg@20 : 0.0394    ndcg@50 : 0.0524    
01 Jan 12:08    INFO  Saving current best: saved_best/RauCL-Jan-01-2025_12-08-05.pth
01 Jan 12:08    INFO  epoch 1 training [time: 15.60s, train loss: -6.4181]
01 Jan 12:09    INFO  epoch 1 evaluating [time: 12.26s, valid_score: 0.054800]
01 Jan 12:09    INFO  valid result: 
recall@10 : 0.0651    recall@20 : 0.098    recall@50 : 0.1637    ndcg@10 : 0.0449    ndcg@20 : 0.0548    ndcg@50 : 0.0713    
01 Jan 12:09    INFO  Saving current best: saved_best/RauCL-Jan-01-2025_12-08-05.pth
01 Jan 12:09    INFO  epoch 2 training [time: 15.63s, train loss: -6.5274]
01 Jan 12:09    INFO  epoch 2 evaluating [time: 12.46s, valid_score: 0.061400]
01 Jan 12:09    INFO  valid result: 
recall@10 : 0.0731    recall@20 : 0.1099    recall@50 : 0.1818    ndcg@10 : 0.0504    ndcg@20 : 0.0614    ndcg@50 : 0.0794    
01 Jan 12:09    INFO  Saving current best: saved_best/RauCL-Jan-01-2025_12-08-05.pth
01 Jan 12:09    INFO  epoch 3 training [time: 15.64s, train loss: -6.5797]
01 Jan 12:09    INFO  epoch 3 evaluating [time: 12.17s, valid_score: 0.065800]
01 Jan 12:09    INFO  valid result: 
recall@10 : 0.078    recall@20 : 0.1175    recall@50 : 0.1935    ndcg@10 : 0.054    ndcg@20 : 0.0658    ndcg@50 : 0.0846    
01 Jan 12:09    INFO  Saving current best: saved_best/RauCL-Jan-01-2025_12-08-05.pth
01 Jan 12:10    INFO  epoch 4 training [time: 15.61s, train loss: -6.6134]
01 Jan 12:10    INFO  epoch 4 evaluating [time: 12.59s, valid_score: 0.068700]
01 Jan 12:10    INFO  valid result: 
recall@10 : 0.0819    recall@20 : 0.1221    recall@50 : 0.1999    ndcg@10 : 0.0566    ndcg@20 : 0.0687    ndcg@50 : 0.0878    
01 Jan 12:10    INFO  Saving current best: saved_best/RauCL-Jan-01-2025_12-08-05.pth
01 Jan 12:10    INFO  epoch 5 training [time: 15.62s, train loss: -6.6379]
01 Jan 12:10    INFO  epoch 5 evaluating [time: 12.41s, valid_score: 0.071100]
01 Jan 12:10    INFO  valid result: 
recall@10 : 0.0853    recall@20 : 0.1267    recall@50 : 0.2058    ndcg@10 : 0.0589    ndcg@20 : 0.0711    ndcg@50 : 0.0907    
01 Jan 12:10    INFO  Saving current best: saved_best/RauCL-Jan-01-2025_12-08-05.pth
01 Jan 12:11    INFO  epoch 6 training [time: 15.62s, train loss: -6.6572]
01 Jan 12:11    INFO  epoch 6 evaluating [time: 12.40s, valid_score: 0.073400]
01 Jan 12:11    INFO  valid result: 
recall@10 : 0.0889    recall@20 : 0.1314    recall@50 : 0.2121    ndcg@10 : 0.0608    ndcg@20 : 0.0734    ndcg@50 : 0.0934    
01 Jan 12:11    INFO  Saving current best: saved_best/RauCL-Jan-01-2025_12-08-05.pth
01 Jan 12:11    INFO  epoch 7 training [time: 15.63s, train loss: -6.6732]
01 Jan 12:11    INFO  epoch 7 evaluating [time: 12.37s, valid_score: 0.076400]
01 Jan 12:11    INFO  valid result: 
recall@10 : 0.0925    recall@20 : 0.136    recall@50 : 0.2164    ndcg@10 : 0.0636    ndcg@20 : 0.0764    ndcg@50 : 0.0963    
01 Jan 12:11    INFO  Saving current best: saved_best/RauCL-Jan-01-2025_12-08-05.pth
01 Jan 12:12    INFO  epoch 8 training [time: 15.62s, train loss: -6.6870]
01 Jan 12:12    INFO  epoch 8 evaluating [time: 12.34s, valid_score: 0.077700]
01 Jan 12:12    INFO  valid result: 
recall@10 : 0.0942    recall@20 : 0.1385    recall@50 : 0.2199    ndcg@10 : 0.0645    ndcg@20 : 0.0777    ndcg@50 : 0.0978    
01 Jan 12:12    INFO  Saving current best: saved_best/RauCL-Jan-01-2025_12-08-05.pth
01 Jan 12:12    INFO  epoch 9 training [time: 15.62s, train loss: -6.6991]
01 Jan 12:12    INFO  epoch 9 evaluating [time: 12.57s, valid_score: 0.079400]
01 Jan 12:12    INFO  valid result: 
recall@10 : 0.0964    recall@20 : 0.1417    recall@50 : 0.2244    ndcg@10 : 0.0661    ndcg@20 : 0.0794    ndcg@50 : 0.0998    
01 Jan 12:12    INFO  Saving current best: saved_best/RauCL-Jan-01-2025_12-08-05.pth
01 Jan 12:13    INFO  epoch 10 training [time: 15.63s, train loss: -6.7096]
01 Jan 12:13    INFO  epoch 10 evaluating [time: 12.37s, valid_score: 0.081400]
01 Jan 12:13    INFO  valid result: 
recall@10 : 0.0982    recall@20 : 0.1446    recall@50 : 0.2322    ndcg@10 : 0.0678    ndcg@20 : 0.0814    ndcg@50 : 0.1029    
01 Jan 12:13    INFO  Saving current best: saved_best/RauCL-Jan-01-2025_12-08-05.pth
01 Jan 12:13    INFO  epoch 11 training [time: 15.62s, train loss: -6.7192]
01 Jan 12:13    INFO  epoch 11 evaluating [time: 12.34s, valid_score: 0.082800]
01 Jan 12:13    INFO  valid result: 
recall@10 : 0.0996    recall@20 : 0.147    recall@50 : 0.2344    ndcg@10 : 0.069    ndcg@20 : 0.0828    ndcg@50 : 0.1043    
01 Jan 12:13    INFO  Saving current best: saved_best/RauCL-Jan-01-2025_12-08-05.pth
01 Jan 12:14    INFO  epoch 12 training [time: 15.67s, train loss: -6.7280]
01 Jan 12:14    INFO  epoch 12 evaluating [time: 12.32s, valid_score: 0.084400]
01 Jan 12:14    INFO  valid result: 
recall@10 : 0.1035    recall@20 : 0.1499    recall@50 : 0.24    ndcg@10 : 0.0708    ndcg@20 : 0.0844    ndcg@50 : 0.1065    
01 Jan 12:14    INFO  Saving current best: saved_best/RauCL-Jan-01-2025_12-08-05.pth
01 Jan 12:14    INFO  epoch 13 training [time: 15.62s, train loss: -6.7357]
01 Jan 12:14    INFO  epoch 13 evaluating [time: 12.36s, valid_score: 0.086000]
01 Jan 12:14    INFO  valid result: 
recall@10 : 0.1038    recall@20 : 0.1532    recall@50 : 0.243    ndcg@10 : 0.0716    ndcg@20 : 0.086    ndcg@50 : 0.1081    
01 Jan 12:14    INFO  Saving current best: saved_best/RauCL-Jan-01-2025_12-08-05.pth
01 Jan 12:14    INFO  epoch 14 training [time: 15.63s, train loss: -6.7425]
01 Jan 12:15    INFO  epoch 14 evaluating [time: 12.54s, valid_score: 0.087700]
01 Jan 12:15    INFO  valid result: 
recall@10 : 0.1056    recall@20 : 0.1553    recall@50 : 0.2476    ndcg@10 : 0.0732    ndcg@20 : 0.0877    ndcg@50 : 0.1104    
01 Jan 12:15    INFO  Saving current best: saved_best/RauCL-Jan-01-2025_12-08-05.pth
01 Jan 12:15    INFO  epoch 15 training [time: 15.61s, train loss: -6.7491]
01 Jan 12:15    INFO  epoch 15 evaluating [time: 12.33s, valid_score: 0.089000]
01 Jan 12:15    INFO  valid result: 
recall@10 : 0.1069    recall@20 : 0.1568    recall@50 : 0.2538    ndcg@10 : 0.0744    ndcg@20 : 0.089    ndcg@50 : 0.1127    
01 Jan 12:15    INFO  Saving current best: saved_best/RauCL-Jan-01-2025_12-08-05.pth
01 Jan 12:15    INFO  epoch 16 training [time: 15.61s, train loss: -6.7545]
01 Jan 12:16    INFO  epoch 16 evaluating [time: 12.28s, valid_score: 0.090700]
01 Jan 12:16    INFO  valid result: 
recall@10 : 0.1084    recall@20 : 0.1599    recall@50 : 0.2572    ndcg@10 : 0.0757    ndcg@20 : 0.0907    ndcg@50 : 0.1144    
01 Jan 12:16    INFO  Saving current best: saved_best/RauCL-Jan-01-2025_12-08-05.pth
01 Jan 12:16    INFO  epoch 17 training [time: 15.62s, train loss: -6.7596]
01 Jan 12:16    INFO  epoch 17 evaluating [time: 12.56s, valid_score: 0.092500]
01 Jan 12:16    INFO  valid result: 
recall@10 : 0.1111    recall@20 : 0.1622    recall@50 : 0.2605    ndcg@10 : 0.0775    ndcg@20 : 0.0925    ndcg@50 : 0.1165    
01 Jan 12:16    INFO  Saving current best: saved_best/RauCL-Jan-01-2025_12-08-05.pth
01 Jan 12:16    INFO  epoch 18 training [time: 15.61s, train loss: -6.7644]
01 Jan 12:17    INFO  epoch 18 evaluating [time: 12.34s, valid_score: 0.093200]
01 Jan 12:17    INFO  valid result: 
recall@10 : 0.1118    recall@20 : 0.1644    recall@50 : 0.2649    ndcg@10 : 0.0779    ndcg@20 : 0.0932    ndcg@50 : 0.1178    
01 Jan 12:17    INFO  Saving current best: saved_best/RauCL-Jan-01-2025_12-08-05.pth
01 Jan 12:17    INFO  epoch 19 training [time: 15.00s, train loss: -6.7686]
01 Jan 12:17    INFO  epoch 19 evaluating [time: 12.49s, valid_score: 0.094100]
01 Jan 12:17    INFO  valid result: 
recall@10 : 0.1134    recall@20 : 0.1661    recall@50 : 0.2674    ndcg@10 : 0.0788    ndcg@20 : 0.0941    ndcg@50 : 0.1188    
01 Jan 12:17    INFO  Saving current best: saved_best/RauCL-Jan-01-2025_12-08-05.pth
01 Jan 12:17    INFO  epoch 20 training [time: 15.60s, train loss: -6.7726]
01 Jan 12:17    INFO  epoch 20 evaluating [time: 12.30s, valid_score: 0.094700]
01 Jan 12:17    INFO  valid result: 
recall@10 : 0.1138    recall@20 : 0.1675    recall@50 : 0.2695    ndcg@10 : 0.0791    ndcg@20 : 0.0947    ndcg@50 : 0.1196    
01 Jan 12:18    INFO  Saving current best: saved_best/RauCL-Jan-01-2025_12-08-05.pth
01 Jan 12:18    INFO  epoch 21 training [time: 15.61s, train loss: -6.7761]
01 Jan 12:18    INFO  epoch 21 evaluating [time: 12.36s, valid_score: 0.096100]
01 Jan 12:18    INFO  valid result: 
recall@10 : 0.1152    recall@20 : 0.1701    recall@50 : 0.2721    ndcg@10 : 0.0801    ndcg@20 : 0.0961    ndcg@50 : 0.121    
01 Jan 12:18    INFO  Saving current best: saved_best/RauCL-Jan-01-2025_12-08-05.pth
01 Jan 12:18    INFO  epoch 22 training [time: 15.61s, train loss: -6.7791]
01 Jan 12:18    INFO  epoch 22 evaluating [time: 12.58s, valid_score: 0.096900]
01 Jan 12:18    INFO  valid result: 
recall@10 : 0.1177    recall@20 : 0.1714    recall@50 : 0.2757    ndcg@10 : 0.0813    ndcg@20 : 0.0969    ndcg@50 : 0.1223    
01 Jan 12:18    INFO  Saving current best: saved_best/RauCL-Jan-01-2025_12-08-05.pth
01 Jan 12:19    INFO  epoch 23 training [time: 15.02s, train loss: -6.7820]
01 Jan 12:19    INFO  epoch 23 evaluating [time: 12.29s, valid_score: 0.097800]
01 Jan 12:19    INFO  valid result: 
recall@10 : 0.1175    recall@20 : 0.1734    recall@50 : 0.2765    ndcg@10 : 0.0816    ndcg@20 : 0.0978    ndcg@50 : 0.123    
01 Jan 12:19    INFO  Saving current best: saved_best/RauCL-Jan-01-2025_12-08-05.pth
01 Jan 12:19    INFO  epoch 24 training [time: 15.63s, train loss: -6.7845]
01 Jan 12:19    INFO  epoch 24 evaluating [time: 12.54s, valid_score: 0.099200]
01 Jan 12:19    INFO  valid result: 
recall@10 : 0.1199    recall@20 : 0.1736    recall@50 : 0.2794    ndcg@10 : 0.0835    ndcg@20 : 0.0992    ndcg@50 : 0.125    
01 Jan 12:19    INFO  Saving current best: saved_best/RauCL-Jan-01-2025_12-08-05.pth
01 Jan 12:20    INFO  epoch 25 training [time: 15.62s, train loss: -6.7870]
01 Jan 12:20    INFO  epoch 25 evaluating [time: 12.32s, valid_score: 0.099400]
01 Jan 12:20    INFO  valid result: 
recall@10 : 0.1196    recall@20 : 0.175    recall@50 : 0.2816    ndcg@10 : 0.0833    ndcg@20 : 0.0994    ndcg@50 : 0.1253    
01 Jan 12:20    INFO  Saving current best: saved_best/RauCL-Jan-01-2025_12-08-05.pth
01 Jan 12:20    INFO  epoch 26 training [time: 15.61s, train loss: -6.7889]
01 Jan 12:20    INFO  epoch 26 evaluating [time: 12.31s, valid_score: 0.100400]
01 Jan 12:20    INFO  valid result: 
recall@10 : 0.1202    recall@20 : 0.176    recall@50 : 0.2824    ndcg@10 : 0.0842    ndcg@20 : 0.1004    ndcg@50 : 0.1264    
01 Jan 12:20    INFO  Saving current best: saved_best/RauCL-Jan-01-2025_12-08-05.pth
01 Jan 12:21    INFO  epoch 27 training [time: 15.61s, train loss: -6.7910]
01 Jan 12:21    INFO  epoch 27 evaluating [time: 12.47s, valid_score: 0.101000]
01 Jan 12:21    INFO  valid result: 
recall@10 : 0.122    recall@20 : 0.1777    recall@50 : 0.2846    ndcg@10 : 0.0848    ndcg@20 : 0.101    ndcg@50 : 0.127    
01 Jan 12:21    INFO  Saving current best: saved_best/RauCL-Jan-01-2025_12-08-05.pth
01 Jan 12:21    INFO  epoch 28 training [time: 15.61s, train loss: -6.7925]
01 Jan 12:21    INFO  epoch 28 evaluating [time: 12.37s, valid_score: 0.101800]
01 Jan 12:21    INFO  valid result: 
recall@10 : 0.1225    recall@20 : 0.1788    recall@50 : 0.2848    ndcg@10 : 0.0854    ndcg@20 : 0.1018    ndcg@50 : 0.1276    
01 Jan 12:21    INFO  Saving current best: saved_best/RauCL-Jan-01-2025_12-08-05.pth
01 Jan 12:22    INFO  epoch 29 training [time: 15.61s, train loss: -6.7942]
01 Jan 12:22    INFO  epoch 29 evaluating [time: 12.53s, valid_score: 0.101700]
01 Jan 12:22    INFO  valid result: 
recall@10 : 0.122    recall@20 : 0.1785    recall@50 : 0.286    ndcg@10 : 0.0852    ndcg@20 : 0.1017    ndcg@50 : 0.1279    
01 Jan 12:22    INFO  epoch 30 training [time: 15.59s, train loss: -6.7957]
01 Jan 12:22    INFO  epoch 30 evaluating [time: 12.33s, valid_score: 0.102200]
01 Jan 12:22    INFO  valid result: 
recall@10 : 0.1224    recall@20 : 0.1788    recall@50 : 0.2881    ndcg@10 : 0.0859    ndcg@20 : 0.1022    ndcg@50 : 0.1288    
01 Jan 12:22    INFO  Saving current best: saved_best/RauCL-Jan-01-2025_12-08-05.pth
01 Jan 12:22    INFO  epoch 31 training [time: 15.60s, train loss: -6.7971]
01 Jan 12:23    INFO  epoch 31 evaluating [time: 12.31s, valid_score: 0.102500]
01 Jan 12:23    INFO  valid result: 
recall@10 : 0.1227    recall@20 : 0.18    recall@50 : 0.2897    ndcg@10 : 0.0859    ndcg@20 : 0.1025    ndcg@50 : 0.1292    
01 Jan 12:23    INFO  Saving current best: saved_best/RauCL-Jan-01-2025_12-08-05.pth
01 Jan 12:23    INFO  epoch 32 training [time: 15.61s, train loss: -6.7983]
01 Jan 12:23    INFO  epoch 32 evaluating [time: 12.54s, valid_score: 0.103400]
01 Jan 12:23    INFO  valid result: 
recall@10 : 0.1242    recall@20 : 0.181    recall@50 : 0.2905    ndcg@10 : 0.0869    ndcg@20 : 0.1034    ndcg@50 : 0.1299    
01 Jan 12:23    INFO  Saving current best: saved_best/RauCL-Jan-01-2025_12-08-05.pth
01 Jan 12:23    INFO  epoch 33 training [time: 15.68s, train loss: -6.7993]
01 Jan 12:24    INFO  epoch 33 evaluating [time: 12.33s, valid_score: 0.103300]
01 Jan 12:24    INFO  valid result: 
recall@10 : 0.1246    recall@20 : 0.1807    recall@50 : 0.2902    ndcg@10 : 0.0871    ndcg@20 : 0.1033    ndcg@50 : 0.1299    
01 Jan 12:24    INFO  epoch 34 training [time: 15.70s, train loss: -6.8002]
01 Jan 12:24    INFO  epoch 34 evaluating [time: 12.31s, valid_score: 0.103900]
01 Jan 12:24    INFO  valid result: 
recall@10 : 0.124    recall@20 : 0.1822    recall@50 : 0.2913    ndcg@10 : 0.0871    ndcg@20 : 0.1039    ndcg@50 : 0.1304    
01 Jan 12:24    INFO  Saving current best: saved_best/RauCL-Jan-01-2025_12-08-05.pth
01 Jan 12:24    INFO  epoch 35 training [time: 15.65s, train loss: -6.8013]
01 Jan 12:25    INFO  epoch 35 evaluating [time: 12.10s, valid_score: 0.104300]
01 Jan 12:25    INFO  valid result: 
recall@10 : 0.1254    recall@20 : 0.1828    recall@50 : 0.2931    ndcg@10 : 0.0877    ndcg@20 : 0.1043    ndcg@50 : 0.1311    
01 Jan 12:25    INFO  Saving current best: saved_best/RauCL-Jan-01-2025_12-08-05.pth
01 Jan 12:25    INFO  epoch 36 training [time: 15.60s, train loss: -6.8020]
01 Jan 12:25    INFO  epoch 36 evaluating [time: 12.13s, valid_score: 0.104500]
01 Jan 12:25    INFO  valid result: 
recall@10 : 0.1257    recall@20 : 0.1824    recall@50 : 0.2937    ndcg@10 : 0.0882    ndcg@20 : 0.1045    ndcg@50 : 0.1315    
01 Jan 12:25    INFO  Saving current best: saved_best/RauCL-Jan-01-2025_12-08-05.pth
01 Jan 12:25    INFO  epoch 37 training [time: 15.65s, train loss: -6.8028]
01 Jan 12:25    INFO  epoch 37 evaluating [time: 12.31s, valid_score: 0.104500]
01 Jan 12:25    INFO  valid result: 
recall@10 : 0.1256    recall@20 : 0.1831    recall@50 : 0.295    ndcg@10 : 0.088    ndcg@20 : 0.1045    ndcg@50 : 0.1317    
01 Jan 12:26    INFO  epoch 38 training [time: 15.65s, train loss: -6.8035]
01 Jan 12:26    INFO  epoch 38 evaluating [time: 12.08s, valid_score: 0.104800]
01 Jan 12:26    INFO  valid result: 
recall@10 : 0.126    recall@20 : 0.1839    recall@50 : 0.2951    ndcg@10 : 0.088    ndcg@20 : 0.1048    ndcg@50 : 0.1318    
01 Jan 12:26    INFO  Saving current best: saved_best/RauCL-Jan-01-2025_12-08-05.pth
01 Jan 12:26    INFO  epoch 39 training [time: 15.65s, train loss: -6.8040]
01 Jan 12:26    INFO  epoch 39 evaluating [time: 12.31s, valid_score: 0.105200]
01 Jan 12:26    INFO  valid result: 
recall@10 : 0.1264    recall@20 : 0.1847    recall@50 : 0.2948    ndcg@10 : 0.0884    ndcg@20 : 0.1052    ndcg@50 : 0.132    
01 Jan 12:26    INFO  Saving current best: saved_best/RauCL-Jan-01-2025_12-08-05.pth
01 Jan 12:27    INFO  epoch 40 training [time: 15.67s, train loss: -6.8046]
01 Jan 12:27    INFO  epoch 40 evaluating [time: 12.11s, valid_score: 0.105300]
01 Jan 12:27    INFO  valid result: 
recall@10 : 0.1262    recall@20 : 0.1851    recall@50 : 0.2964    ndcg@10 : 0.0883    ndcg@20 : 0.1053    ndcg@50 : 0.1324    
01 Jan 12:27    INFO  Saving current best: saved_best/RauCL-Jan-01-2025_12-08-05.pth
01 Jan 12:27    INFO  epoch 41 training [time: 15.67s, train loss: -6.8052]
01 Jan 12:27    INFO  epoch 41 evaluating [time: 12.12s, valid_score: 0.105000]
01 Jan 12:27    INFO  valid result: 
recall@10 : 0.1263    recall@20 : 0.1842    recall@50 : 0.2962    ndcg@10 : 0.0883    ndcg@20 : 0.105    ndcg@50 : 0.1322    
01 Jan 12:28    INFO  epoch 42 training [time: 15.61s, train loss: -6.8058]
01 Jan 12:28    INFO  epoch 42 evaluating [time: 12.32s, valid_score: 0.105600]
01 Jan 12:28    INFO  valid result: 
recall@10 : 0.1263    recall@20 : 0.1847    recall@50 : 0.2966    ndcg@10 : 0.0887    ndcg@20 : 0.1056    ndcg@50 : 0.1328    
01 Jan 12:28    INFO  Saving current best: saved_best/RauCL-Jan-01-2025_12-08-05.pth
01 Jan 12:28    INFO  epoch 43 training [time: 15.60s, train loss: -6.8060]
01 Jan 12:28    INFO  epoch 43 evaluating [time: 12.13s, valid_score: 0.105600]
01 Jan 12:28    INFO  valid result: 
recall@10 : 0.1269    recall@20 : 0.1853    recall@50 : 0.2967    ndcg@10 : 0.0888    ndcg@20 : 0.1056    ndcg@50 : 0.1327    
01 Jan 12:29    INFO  epoch 44 training [time: 15.57s, train loss: -6.8061]
01 Jan 12:29    INFO  epoch 44 evaluating [time: 12.31s, valid_score: 0.105500]
01 Jan 12:29    INFO  valid result: 
recall@10 : 0.1268    recall@20 : 0.1846    recall@50 : 0.2979    ndcg@10 : 0.0888    ndcg@20 : 0.1055    ndcg@50 : 0.133    
01 Jan 12:29    INFO  epoch 45 training [time: 15.60s, train loss: -6.8065]
01 Jan 12:29    INFO  epoch 45 evaluating [time: 12.12s, valid_score: 0.105800]
01 Jan 12:29    INFO  valid result: 
recall@10 : 0.1274    recall@20 : 0.1854    recall@50 : 0.2971    ndcg@10 : 0.0891    ndcg@20 : 0.1058    ndcg@50 : 0.133    
01 Jan 12:29    INFO  Saving current best: saved_best/RauCL-Jan-01-2025_12-08-05.pth
01 Jan 12:29    INFO  epoch 46 training [time: 15.59s, train loss: -6.8070]
01 Jan 12:30    INFO  epoch 46 evaluating [time: 12.08s, valid_score: 0.105800]
01 Jan 12:30    INFO  valid result: 
recall@10 : 0.1272    recall@20 : 0.1852    recall@50 : 0.298    ndcg@10 : 0.0892    ndcg@20 : 0.1058    ndcg@50 : 0.1333    
01 Jan 12:30    INFO  epoch 47 training [time: 15.58s, train loss: -6.8074]
01 Jan 12:30    INFO  epoch 47 evaluating [time: 12.32s, valid_score: 0.106300]
01 Jan 12:30    INFO  valid result: 
recall@10 : 0.128    recall@20 : 0.1859    recall@50 : 0.3001    ndcg@10 : 0.0896    ndcg@20 : 0.1063    ndcg@50 : 0.134    
01 Jan 12:30    INFO  Saving current best: saved_best/RauCL-Jan-01-2025_12-08-05.pth
01 Jan 12:30    INFO  epoch 48 training [time: 15.59s, train loss: -6.8078]
01 Jan 12:31    INFO  epoch 48 evaluating [time: 12.13s, valid_score: 0.106400]
01 Jan 12:31    INFO  valid result: 
recall@10 : 0.1281    recall@20 : 0.1857    recall@50 : 0.2996    ndcg@10 : 0.0897    ndcg@20 : 0.1064    ndcg@50 : 0.134    
01 Jan 12:31    INFO  Saving current best: saved_best/RauCL-Jan-01-2025_12-08-05.pth
01 Jan 12:31    INFO  epoch 49 training [time: 15.60s, train loss: -6.8079]
01 Jan 12:31    INFO  epoch 49 evaluating [time: 12.30s, valid_score: 0.106600]
01 Jan 12:31    INFO  valid result: 
recall@10 : 0.1273    recall@20 : 0.1863    recall@50 : 0.2994    ndcg@10 : 0.0896    ndcg@20 : 0.1066    ndcg@50 : 0.1341    
01 Jan 12:31    INFO  Saving current best: saved_best/RauCL-Jan-01-2025_12-08-05.pth
01 Jan 12:31    INFO  epoch 50 training [time: 15.65s, train loss: -6.8084]
01 Jan 12:32    INFO  epoch 50 evaluating [time: 12.11s, valid_score: 0.106800]
01 Jan 12:32    INFO  valid result: 
recall@10 : 0.1282    recall@20 : 0.1869    recall@50 : 0.3001    ndcg@10 : 0.0898    ndcg@20 : 0.1068    ndcg@50 : 0.1342    
01 Jan 12:32    INFO  Saving current best: saved_best/RauCL-Jan-01-2025_12-08-05.pth
01 Jan 12:32    INFO  epoch 51 training [time: 15.66s, train loss: -6.8084]
01 Jan 12:32    INFO  epoch 51 evaluating [time: 12.16s, valid_score: 0.106600]
01 Jan 12:32    INFO  valid result: 
recall@10 : 0.1276    recall@20 : 0.187    recall@50 : 0.299    ndcg@10 : 0.0895    ndcg@20 : 0.1066    ndcg@50 : 0.1338    
01 Jan 12:32    INFO  epoch 52 training [time: 15.65s, train loss: -6.8088]
01 Jan 12:32    INFO  epoch 52 evaluating [time: 12.30s, valid_score: 0.106300]
01 Jan 12:32    INFO  valid result: 
recall@10 : 0.1284    recall@20 : 0.1862    recall@50 : 0.2996    ndcg@10 : 0.0896    ndcg@20 : 0.1063    ndcg@50 : 0.1339    
01 Jan 12:33    INFO  epoch 53 training [time: 15.65s, train loss: -6.8090]
01 Jan 12:33    INFO  epoch 53 evaluating [time: 12.12s, valid_score: 0.106500]
01 Jan 12:33    INFO  valid result: 
recall@10 : 0.1287    recall@20 : 0.1864    recall@50 : 0.2993    ndcg@10 : 0.0899    ndcg@20 : 0.1065    ndcg@50 : 0.134    
01 Jan 12:33    INFO  epoch 54 training [time: 15.66s, train loss: -6.8092]
01 Jan 12:33    INFO  epoch 54 evaluating [time: 12.31s, valid_score: 0.107100]
01 Jan 12:33    INFO  valid result: 
recall@10 : 0.1276    recall@20 : 0.1869    recall@50 : 0.3007    ndcg@10 : 0.0901    ndcg@20 : 0.1071    ndcg@50 : 0.1347    
01 Jan 12:33    INFO  Saving current best: saved_best/RauCL-Jan-01-2025_12-08-05.pth
01 Jan 12:34    INFO  epoch 55 training [time: 15.66s, train loss: -6.8094]
01 Jan 12:34    INFO  epoch 55 evaluating [time: 12.12s, valid_score: 0.107000]
01 Jan 12:34    INFO  valid result: 
recall@10 : 0.1277    recall@20 : 0.1876    recall@50 : 0.3008    ndcg@10 : 0.0898    ndcg@20 : 0.107    ndcg@50 : 0.1345    
01 Jan 12:34    INFO  epoch 56 training [time: 15.65s, train loss: -6.8096]
01 Jan 12:34    INFO  epoch 56 evaluating [time: 12.12s, valid_score: 0.107000]
01 Jan 12:34    INFO  valid result: 
recall@10 : 0.1291    recall@20 : 0.1865    recall@50 : 0.3013    ndcg@10 : 0.0904    ndcg@20 : 0.107    ndcg@50 : 0.1348    
01 Jan 12:35    INFO  epoch 57 training [time: 15.65s, train loss: -6.8097]
01 Jan 12:35    INFO  epoch 57 evaluating [time: 12.29s, valid_score: 0.107200]
01 Jan 12:35    INFO  valid result: 
recall@10 : 0.1288    recall@20 : 0.1879    recall@50 : 0.3005    ndcg@10 : 0.0902    ndcg@20 : 0.1072    ndcg@50 : 0.1345    
01 Jan 12:35    INFO  Saving current best: saved_best/RauCL-Jan-01-2025_12-08-05.pth
01 Jan 12:35    INFO  epoch 58 training [time: 15.59s, train loss: -6.8098]
01 Jan 12:35    INFO  epoch 58 evaluating [time: 12.13s, valid_score: 0.107400]
01 Jan 12:35    INFO  valid result: 
recall@10 : 0.1299    recall@20 : 0.1879    recall@50 : 0.3016    ndcg@10 : 0.0907    ndcg@20 : 0.1074    ndcg@50 : 0.135    
01 Jan 12:35    INFO  Saving current best: saved_best/RauCL-Jan-01-2025_12-08-05.pth
01 Jan 12:36    INFO  epoch 59 training [time: 15.61s, train loss: -6.8097]
01 Jan 12:36    INFO  epoch 59 evaluating [time: 12.32s, valid_score: 0.107400]
01 Jan 12:36    INFO  valid result: 
recall@10 : 0.1286    recall@20 : 0.1881    recall@50 : 0.3013    ndcg@10 : 0.0902    ndcg@20 : 0.1074    ndcg@50 : 0.1349    
01 Jan 12:36    INFO  epoch 60 training [time: 15.65s, train loss: -6.8100]
01 Jan 12:36    INFO  epoch 60 evaluating [time: 12.14s, valid_score: 0.107500]
01 Jan 12:36    INFO  valid result: 
recall@10 : 0.1294    recall@20 : 0.1882    recall@50 : 0.3015    ndcg@10 : 0.0907    ndcg@20 : 0.1075    ndcg@50 : 0.1351    
01 Jan 12:36    INFO  Saving current best: saved_best/RauCL-Jan-01-2025_12-08-05.pth
01 Jan 12:36    INFO  epoch 61 training [time: 15.66s, train loss: -6.8103]
01 Jan 12:37    INFO  epoch 61 evaluating [time: 12.08s, valid_score: 0.107500]
01 Jan 12:37    INFO  valid result: 
recall@10 : 0.1286    recall@20 : 0.1874    recall@50 : 0.3011    ndcg@10 : 0.0906    ndcg@20 : 0.1075    ndcg@50 : 0.1352    
01 Jan 12:37    INFO  epoch 62 training [time: 15.58s, train loss: -6.8103]
01 Jan 12:37    INFO  epoch 62 evaluating [time: 12.35s, valid_score: 0.107700]
01 Jan 12:37    INFO  valid result: 
recall@10 : 0.1281    recall@20 : 0.188    recall@50 : 0.3019    ndcg@10 : 0.0904    ndcg@20 : 0.1077    ndcg@50 : 0.1354    
01 Jan 12:37    INFO  Saving current best: saved_best/RauCL-Jan-01-2025_12-08-05.pth
01 Jan 12:37    INFO  epoch 63 training [time: 15.60s, train loss: -6.8102]
01 Jan 12:38    INFO  epoch 63 evaluating [time: 12.11s, valid_score: 0.107700]
01 Jan 12:38    INFO  valid result: 
recall@10 : 0.1289    recall@20 : 0.1891    recall@50 : 0.3009    ndcg@10 : 0.0904    ndcg@20 : 0.1077    ndcg@50 : 0.1349    
01 Jan 12:38    INFO  epoch 64 training [time: 15.59s, train loss: -6.8105]
01 Jan 12:38    INFO  epoch 64 evaluating [time: 12.27s, valid_score: 0.107600]
01 Jan 12:38    INFO  valid result: 
recall@10 : 0.1282    recall@20 : 0.1883    recall@50 : 0.3018    ndcg@10 : 0.0902    ndcg@20 : 0.1076    ndcg@50 : 0.1352    
01 Jan 12:38    INFO  epoch 65 training [time: 15.58s, train loss: -6.8104]
01 Jan 12:39    INFO  epoch 65 evaluating [time: 12.13s, valid_score: 0.107500]
01 Jan 12:39    INFO  valid result: 
recall@10 : 0.1285    recall@20 : 0.188    recall@50 : 0.3006    ndcg@10 : 0.0903    ndcg@20 : 0.1075    ndcg@50 : 0.135    
01 Jan 12:39    INFO  epoch 66 training [time: 15.65s, train loss: -6.8106]
01 Jan 12:39    INFO  epoch 66 evaluating [time: 12.15s, valid_score: 0.107800]
01 Jan 12:39    INFO  valid result: 
recall@10 : 0.1291    recall@20 : 0.1882    recall@50 : 0.3023    ndcg@10 : 0.0908    ndcg@20 : 0.1078    ndcg@50 : 0.1356    
01 Jan 12:39    INFO  Saving current best: saved_best/RauCL-Jan-01-2025_12-08-05.pth
01 Jan 12:39    INFO  epoch 67 training [time: 15.66s, train loss: -6.8108]
01 Jan 12:39    INFO  epoch 67 evaluating [time: 12.34s, valid_score: 0.108000]
01 Jan 12:39    INFO  valid result: 
recall@10 : 0.1292    recall@20 : 0.1886    recall@50 : 0.3023    ndcg@10 : 0.0908    ndcg@20 : 0.108    ndcg@50 : 0.1356    
01 Jan 12:39    INFO  Saving current best: saved_best/RauCL-Jan-01-2025_12-08-05.pth
01 Jan 12:40    INFO  epoch 68 training [time: 15.67s, train loss: -6.8108]
01 Jan 12:40    INFO  epoch 68 evaluating [time: 12.12s, valid_score: 0.107900]
01 Jan 12:40    INFO  valid result: 
recall@10 : 0.1295    recall@20 : 0.1884    recall@50 : 0.3025    ndcg@10 : 0.0909    ndcg@20 : 0.1079    ndcg@50 : 0.1357    
01 Jan 12:40    INFO  epoch 69 training [time: 15.66s, train loss: -6.8108]
01 Jan 12:40    INFO  epoch 69 evaluating [time: 12.32s, valid_score: 0.108200]
01 Jan 12:40    INFO  valid result: 
recall@10 : 0.13    recall@20 : 0.1897    recall@50 : 0.303    ndcg@10 : 0.0911    ndcg@20 : 0.1082    ndcg@50 : 0.1358    
01 Jan 12:40    INFO  Saving current best: saved_best/RauCL-Jan-01-2025_12-08-05.pth
01 Jan 12:41    INFO  epoch 70 training [time: 15.67s, train loss: -6.8109]
01 Jan 12:41    INFO  epoch 70 evaluating [time: 12.16s, valid_score: 0.108200]
01 Jan 12:41    INFO  valid result: 
recall@10 : 0.1304    recall@20 : 0.1897    recall@50 : 0.3042    ndcg@10 : 0.0912    ndcg@20 : 0.1082    ndcg@50 : 0.136    
01 Jan 12:41    INFO  epoch 71 training [time: 15.65s, train loss: -6.8108]
01 Jan 12:41    INFO  epoch 71 evaluating [time: 12.11s, valid_score: 0.108200]
01 Jan 12:41    INFO  valid result: 
recall@10 : 0.1306    recall@20 : 0.1897    recall@50 : 0.3037    ndcg@10 : 0.0912    ndcg@20 : 0.1082    ndcg@50 : 0.1359    
01 Jan 12:42    INFO  epoch 72 training [time: 15.65s, train loss: -6.8110]
01 Jan 12:42    INFO  epoch 72 evaluating [time: 12.31s, valid_score: 0.108200]
01 Jan 12:42    INFO  valid result: 
recall@10 : 0.1304    recall@20 : 0.1898    recall@50 : 0.3032    ndcg@10 : 0.091    ndcg@20 : 0.1082    ndcg@50 : 0.1357    
01 Jan 12:42    INFO  epoch 73 training [time: 15.66s, train loss: -6.8111]
01 Jan 12:42    INFO  epoch 73 evaluating [time: 12.35s, valid_score: 0.108000]
01 Jan 12:42    INFO  valid result: 
recall@10 : 0.1301    recall@20 : 0.1894    recall@50 : 0.3031    ndcg@10 : 0.0909    ndcg@20 : 0.108    ndcg@50 : 0.1356    
01 Jan 12:43    INFO  epoch 74 training [time: 15.66s, train loss: -6.8112]
01 Jan 12:43    INFO  epoch 74 evaluating [time: 12.49s, valid_score: 0.108100]
01 Jan 12:43    INFO  valid result: 
recall@10 : 0.1302    recall@20 : 0.19    recall@50 : 0.3023    ndcg@10 : 0.0908    ndcg@20 : 0.1081    ndcg@50 : 0.1355    
01 Jan 12:43    INFO  epoch 75 training [time: 15.71s, train loss: -6.8109]
01 Jan 12:43    INFO  epoch 75 evaluating [time: 12.31s, valid_score: 0.108300]
01 Jan 12:43    INFO  valid result: 
recall@10 : 0.1301    recall@20 : 0.1893    recall@50 : 0.3042    ndcg@10 : 0.0911    ndcg@20 : 0.1083    ndcg@50 : 0.1362    
01 Jan 12:43    INFO  Saving current best: saved_best/RauCL-Jan-01-2025_12-08-05.pth
01 Jan 12:43    INFO  epoch 76 training [time: 15.67s, train loss: -6.8113]
01 Jan 12:44    INFO  epoch 76 evaluating [time: 12.34s, valid_score: 0.108700]
01 Jan 12:44    INFO  valid result: 
recall@10 : 0.1308    recall@20 : 0.1907    recall@50 : 0.3039    ndcg@10 : 0.0915    ndcg@20 : 0.1087    ndcg@50 : 0.1362    
01 Jan 12:44    INFO  Saving current best: saved_best/RauCL-Jan-01-2025_12-08-05.pth
01 Jan 12:44    INFO  epoch 77 training [time: 15.68s, train loss: -6.8112]
01 Jan 12:44    INFO  epoch 77 evaluating [time: 12.54s, valid_score: 0.108400]
01 Jan 12:44    INFO  valid result: 
recall@10 : 0.1301    recall@20 : 0.1896    recall@50 : 0.3035    ndcg@10 : 0.0911    ndcg@20 : 0.1084    ndcg@50 : 0.1361    
01 Jan 12:44    INFO  epoch 78 training [time: 15.66s, train loss: -6.8114]
01 Jan 12:45    INFO  epoch 78 evaluating [time: 12.36s, valid_score: 0.108400]
01 Jan 12:45    INFO  valid result: 
recall@10 : 0.1301    recall@20 : 0.1906    recall@50 : 0.3041    ndcg@10 : 0.091    ndcg@20 : 0.1084    ndcg@50 : 0.136    
01 Jan 12:45    INFO  epoch 79 training [time: 15.66s, train loss: -6.8113]
01 Jan 12:45    INFO  epoch 79 evaluating [time: 12.55s, valid_score: 0.108300]
01 Jan 12:45    INFO  valid result: 
recall@10 : 0.1302    recall@20 : 0.1904    recall@50 : 0.304    ndcg@10 : 0.091    ndcg@20 : 0.1083    ndcg@50 : 0.136    
01 Jan 12:45    INFO  epoch 80 training [time: 15.65s, train loss: -6.8114]
01 Jan 12:46    INFO  epoch 80 evaluating [time: 12.32s, valid_score: 0.108500]
01 Jan 12:46    INFO  valid result: 
recall@10 : 0.1293    recall@20 : 0.19    recall@50 : 0.304    ndcg@10 : 0.0911    ndcg@20 : 0.1085    ndcg@50 : 0.1362    
01 Jan 12:46    INFO  epoch 81 training [time: 15.66s, train loss: -6.8115]
01 Jan 12:46    INFO  epoch 81 evaluating [time: 12.36s, valid_score: 0.108900]
01 Jan 12:46    INFO  valid result: 
recall@10 : 0.1307    recall@20 : 0.191    recall@50 : 0.3048    ndcg@10 : 0.0915    ndcg@20 : 0.1089    ndcg@50 : 0.1365    
01 Jan 12:46    INFO  Saving current best: saved_best/RauCL-Jan-01-2025_12-08-05.pth
01 Jan 12:46    INFO  epoch 82 training [time: 15.68s, train loss: -6.8116]
01 Jan 12:46    INFO  epoch 82 evaluating [time: 12.52s, valid_score: 0.108800]
01 Jan 12:46    INFO  valid result: 
recall@10 : 0.1301    recall@20 : 0.1909    recall@50 : 0.3044    ndcg@10 : 0.0913    ndcg@20 : 0.1088    ndcg@50 : 0.1364    
01 Jan 12:47    INFO  epoch 83 training [time: 15.67s, train loss: -6.8117]
01 Jan 12:47    INFO  epoch 83 evaluating [time: 12.38s, valid_score: 0.108900]
01 Jan 12:47    INFO  valid result: 
recall@10 : 0.1301    recall@20 : 0.1911    recall@50 : 0.3033    ndcg@10 : 0.0913    ndcg@20 : 0.1089    ndcg@50 : 0.1362    
01 Jan 12:47    INFO  epoch 84 training [time: 15.69s, train loss: -6.8118]
01 Jan 12:47    INFO  epoch 84 evaluating [time: 12.27s, valid_score: 0.108800]
01 Jan 12:47    INFO  valid result: 
recall@10 : 0.1297    recall@20 : 0.1908    recall@50 : 0.3042    ndcg@10 : 0.0912    ndcg@20 : 0.1088    ndcg@50 : 0.1364    
01 Jan 12:48    INFO  epoch 85 training [time: 15.65s, train loss: -6.8117]
01 Jan 12:48    INFO  epoch 85 evaluating [time: 12.07s, valid_score: 0.109000]
01 Jan 12:48    INFO  valid result: 
recall@10 : 0.1306    recall@20 : 0.1915    recall@50 : 0.3043    ndcg@10 : 0.0915    ndcg@20 : 0.109    ndcg@50 : 0.1365    
01 Jan 12:48    INFO  Saving current best: saved_best/RauCL-Jan-01-2025_12-08-05.pth
01 Jan 12:48    INFO  epoch 86 training [time: 15.66s, train loss: -6.8116]
01 Jan 12:48    INFO  epoch 86 evaluating [time: 12.14s, valid_score: 0.109100]
01 Jan 12:48    INFO  valid result: 
recall@10 : 0.1308    recall@20 : 0.1909    recall@50 : 0.3049    ndcg@10 : 0.0918    ndcg@20 : 0.1091    ndcg@50 : 0.1368    
01 Jan 12:48    INFO  Saving current best: saved_best/RauCL-Jan-01-2025_12-08-05.pth
01 Jan 12:49    INFO  epoch 87 training [time: 15.66s, train loss: -6.8119]
01 Jan 12:49    INFO  epoch 87 evaluating [time: 12.34s, valid_score: 0.108900]
01 Jan 12:49    INFO  valid result: 
recall@10 : 0.1308    recall@20 : 0.1903    recall@50 : 0.3047    ndcg@10 : 0.0917    ndcg@20 : 0.1089    ndcg@50 : 0.1367    
01 Jan 12:49    INFO  epoch 88 training [time: 15.64s, train loss: -6.8117]
01 Jan 12:49    INFO  epoch 88 evaluating [time: 12.11s, valid_score: 0.109300]
01 Jan 12:49    INFO  valid result: 
recall@10 : 0.1307    recall@20 : 0.1915    recall@50 : 0.3063    ndcg@10 : 0.0919    ndcg@20 : 0.1093    ndcg@50 : 0.1372    
01 Jan 12:49    INFO  Saving current best: saved_best/RauCL-Jan-01-2025_12-08-05.pth
01 Jan 12:50    INFO  epoch 89 training [time: 15.67s, train loss: -6.8118]
01 Jan 12:50    INFO  epoch 89 evaluating [time: 12.36s, valid_score: 0.108900]
01 Jan 12:50    INFO  valid result: 
recall@10 : 0.1306    recall@20 : 0.1913    recall@50 : 0.3054    ndcg@10 : 0.0914    ndcg@20 : 0.1089    ndcg@50 : 0.1366    
01 Jan 12:50    INFO  epoch 90 training [time: 15.65s, train loss: -6.8119]
01 Jan 12:50    INFO  epoch 90 evaluating [time: 12.11s, valid_score: 0.108900]
01 Jan 12:50    INFO  valid result: 
recall@10 : 0.13    recall@20 : 0.1911    recall@50 : 0.3058    ndcg@10 : 0.0913    ndcg@20 : 0.1089    ndcg@50 : 0.1368    
01 Jan 12:50    INFO  epoch 91 training [time: 15.66s, train loss: -6.8119]
01 Jan 12:51    INFO  epoch 91 evaluating [time: 12.15s, valid_score: 0.109000]
01 Jan 12:51    INFO  valid result: 
recall@10 : 0.1308    recall@20 : 0.1916    recall@50 : 0.3062    ndcg@10 : 0.0915    ndcg@20 : 0.109    ndcg@50 : 0.1368    
01 Jan 12:51    INFO  epoch 92 training [time: 15.65s, train loss: -6.8120]
01 Jan 12:51    INFO  epoch 92 evaluating [time: 12.27s, valid_score: 0.109500]
01 Jan 12:51    INFO  valid result: 
recall@10 : 0.1315    recall@20 : 0.192    recall@50 : 0.3061    ndcg@10 : 0.092    ndcg@20 : 0.1095    ndcg@50 : 0.1372    
01 Jan 12:51    INFO  Saving current best: saved_best/RauCL-Jan-01-2025_12-08-05.pth
01 Jan 12:51    INFO  epoch 93 training [time: 15.66s, train loss: -6.8120]
01 Jan 12:52    INFO  epoch 93 evaluating [time: 12.13s, valid_score: 0.109400]
01 Jan 12:52    INFO  valid result: 
recall@10 : 0.1321    recall@20 : 0.1917    recall@50 : 0.3062    ndcg@10 : 0.0922    ndcg@20 : 0.1094    ndcg@50 : 0.1372    
01 Jan 12:52    INFO  epoch 94 training [time: 15.65s, train loss: -6.8119]
01 Jan 12:52    INFO  epoch 94 evaluating [time: 12.31s, valid_score: 0.109900]
01 Jan 12:52    INFO  valid result: 
recall@10 : 0.1311    recall@20 : 0.1926    recall@50 : 0.3058    ndcg@10 : 0.0921    ndcg@20 : 0.1099    ndcg@50 : 0.1374    
01 Jan 12:52    INFO  Saving current best: saved_best/RauCL-Jan-01-2025_12-08-05.pth
01 Jan 12:52    INFO  epoch 95 training [time: 15.67s, train loss: -6.8119]
01 Jan 12:53    INFO  epoch 95 evaluating [time: 12.16s, valid_score: 0.109400]
01 Jan 12:53    INFO  valid result: 
recall@10 : 0.1313    recall@20 : 0.1913    recall@50 : 0.3059    ndcg@10 : 0.0922    ndcg@20 : 0.1094    ndcg@50 : 0.1373    
01 Jan 12:53    INFO  epoch 96 training [time: 15.64s, train loss: -6.8120]
01 Jan 12:53    INFO  epoch 96 evaluating [time: 12.10s, valid_score: 0.109700]
01 Jan 12:53    INFO  valid result: 
recall@10 : 0.1312    recall@20 : 0.1919    recall@50 : 0.3069    ndcg@10 : 0.0922    ndcg@20 : 0.1097    ndcg@50 : 0.1376    
01 Jan 12:53    INFO  epoch 97 training [time: 15.65s, train loss: -6.8120]
01 Jan 12:53    INFO  epoch 97 evaluating [time: 12.34s, valid_score: 0.109300]
01 Jan 12:53    INFO  valid result: 
recall@10 : 0.1321    recall@20 : 0.1915    recall@50 : 0.3051    ndcg@10 : 0.0922    ndcg@20 : 0.1093    ndcg@50 : 0.137    
01 Jan 12:54    INFO  epoch 98 training [time: 15.65s, train loss: -6.8121]
01 Jan 12:54    INFO  epoch 98 evaluating [time: 12.12s, valid_score: 0.109300]
01 Jan 12:54    INFO  valid result: 
recall@10 : 0.1314    recall@20 : 0.1913    recall@50 : 0.3051    ndcg@10 : 0.092    ndcg@20 : 0.1093    ndcg@50 : 0.137    
01 Jan 12:54    INFO  epoch 99 training [time: 15.66s, train loss: -6.8121]
01 Jan 12:54    INFO  epoch 99 evaluating [time: 12.26s, valid_score: 0.109300]
01 Jan 12:54    INFO  valid result: 
recall@10 : 0.1307    recall@20 : 0.1913    recall@50 : 0.3048    ndcg@10 : 0.0918    ndcg@20 : 0.1093    ndcg@50 : 0.1369    
01 Jan 12:55    INFO  epoch 100 training [time: 15.63s, train loss: -6.8121]
01 Jan 12:55    INFO  epoch 100 evaluating [time: 12.10s, valid_score: 0.109500]
01 Jan 12:55    INFO  valid result: 
recall@10 : 0.1305    recall@20 : 0.1916    recall@50 : 0.3061    ndcg@10 : 0.092    ndcg@20 : 0.1095    ndcg@50 : 0.1374    
01 Jan 12:55    INFO  epoch 101 training [time: 15.54s, train loss: -6.8120]
01 Jan 12:55    INFO  epoch 101 evaluating [time: 12.34s, valid_score: 0.109700]
01 Jan 12:55    INFO  valid result: 
recall@10 : 0.1311    recall@20 : 0.1924    recall@50 : 0.3057    ndcg@10 : 0.0921    ndcg@20 : 0.1097    ndcg@50 : 0.1372    
01 Jan 12:56    INFO  epoch 102 training [time: 15.66s, train loss: -6.8123]
01 Jan 12:56    INFO  epoch 102 evaluating [time: 12.54s, valid_score: 0.109700]
01 Jan 12:56    INFO  valid result: 
recall@10 : 0.1319    recall@20 : 0.1916    recall@50 : 0.3061    ndcg@10 : 0.0926    ndcg@20 : 0.1097    ndcg@50 : 0.1375    
01 Jan 12:56    INFO  epoch 103 training [time: 15.65s, train loss: -6.8122]
01 Jan 12:56    INFO  epoch 103 evaluating [time: 12.33s, valid_score: 0.109800]
01 Jan 12:56    INFO  valid result: 
recall@10 : 0.132    recall@20 : 0.1925    recall@50 : 0.3059    ndcg@10 : 0.0924    ndcg@20 : 0.1098    ndcg@50 : 0.1374    
01 Jan 12:57    INFO  epoch 104 training [time: 15.65s, train loss: -6.8122]
01 Jan 12:57    INFO  epoch 104 evaluating [time: 12.53s, valid_score: 0.109600]
01 Jan 12:57    INFO  valid result: 
recall@10 : 0.1318    recall@20 : 0.192    recall@50 : 0.3064    ndcg@10 : 0.0922    ndcg@20 : 0.1096    ndcg@50 : 0.1374    
01 Jan 12:57    INFO  epoch 105 training [time: 15.58s, train loss: -6.8123]
01 Jan 12:57    INFO  epoch 105 evaluating [time: 12.29s, valid_score: 0.109500]
01 Jan 12:57    INFO  valid result: 
recall@10 : 0.131    recall@20 : 0.1916    recall@50 : 0.3062    ndcg@10 : 0.092    ndcg@20 : 0.1095    ndcg@50 : 0.1374    
01 Jan 12:57    INFO  Finished training, best eval result in epoch 94
/data/zhouchao/Raucl/recbole/trainer/trainer.py:403: FutureWarning: You are using `torch.load` with `weights_only=False` (the current default value), which uses the default pickle module implicitly. It is possible to construct malicious pickle data which will execute arbitrary code during unpickling (See https://github.com/pytorch/pytorch/blob/main/SECURITY.md#untrusted-models for more details). In a future release, the default value for `weights_only` will be flipped to `True`. This limits the functions that could be executed during unpickling. Arbitrary objects will no longer be allowed to be loaded via this mode unless they are explicitly allowlisted by the user via `torch.serialization.add_safe_globals`. We recommend you start setting `weights_only=True` for any use case where you don't have full control of the loaded file. Please open an issue on GitHub for any issues related to this experimental feature.
  checkpoint = torch.load(checkpoint_file)
01 Jan 12:57    INFO  Loading model structure and parameters from saved_best/RauCL-Jan-01-2025_12-08-05.pth
01 Jan 12:57    INFO  best valid : {'recall@10': 0.1311, 'recall@20': 0.1926, 'recall@50': 0.3058, 'ndcg@10': 0.0921, 'ndcg@20': 0.1099, 'ndcg@50': 0.1374}
01 Jan 12:57    INFO  test result: {'recall@10': 0.1335, 'recall@20': 0.1923, 'recall@50': 0.3072, 'ndcg@10': 0.0968, 'ndcg@20': 0.1135, 'ndcg@50': 0.1414}
