09 Jan 23:02    INFO  
General Hyper Parameters:
gpu_id = 0
use_gpu = True
seed = 0
state = INFO
reproducibility = True
data_path = dataset/Gowalla
show_progress = False

Training Hyper Parameters:
checkpoint_dir = saved_best
epochs = 500
train_batch_size = 1024
learner = adam
learning_rate = 0.001
training_neg_sample_num = 0
training_neg_sample_distribution = uniform
eval_step = 1
stopping_step = 10
clip_grad_norm = None
weight_decay = 1e-06
draw_loss_pic = False
loss_decimal_place = 4

Evaluation Hyper Parameters:
eval_setting = RO_RS,full
group_by_user = True
split_ratio = [0.8, 0.1, 0.1]
leave_one_num = 2
real_time_process = False
metrics = ['Recall', 'NDCG']
topk = [10, 20, 50]
valid_metric = NDCG@20
eval_batch_size = 4096
metric_decimal_place = 4

Dataset Hyper Parameters:
field_separator = 	
seq_separator =  
USER_ID_FIELD = user_id
ITEM_ID_FIELD = item_id
RATING_FIELD = rating
TIME_FIELD = timestamp
seq_len = None
LABEL_FIELD = label
threshold = None
NEG_PREFIX = neg_
load_col = {'inter': ['user_id', 'item_id', 'timestamp']}
unload_col = None
unused_col = None
additional_feat_suffix = None
lowest_val = None
highest_val = None
equal_val = None
not_equal_val = None
max_user_inter_num = None
min_user_inter_num = 5
max_item_inter_num = None
min_item_inter_num = 5
fields_in_same_space = None
preload_weight = None
normalize_field = None
normalize_all = None
ITEM_LIST_LENGTH_FIELD = item_length
LIST_SUFFIX = _list
MAX_ITEM_LIST_LENGTH = 50
POSITION_FIELD = position_id
HEAD_ENTITY_ID_FIELD = head_id
TAIL_ENTITY_ID_FIELD = tail_id
RELATION_ID_FIELD = relation_id
ENTITY_ID_FIELD = entity_id

Other Hyper Parameters: 
valid_metric_bigger = True
BT = 0.1
alpha = 0.9
alpha_i = None
alpha_u = None
d = 0.5
embedding_size = 64
encoder = LightGCN
gamma = 2
std = 13
std_i = None
std_u = None
times = 1
rm_dup_inter = None
filter_inter_by_user_or_item = True
SOURCE_ID_FIELD = source_id
TARGET_ID_FIELD = target_id
benchmark_filename = None
MODEL_TYPE = ModelType.GENERAL
n_layers = 2
MODEL_INPUT_TYPE = InputType.POINTWISE
eval_type = EvaluatorType.RANKING
device = cuda
train_neg_sample_args = {'strategy': 'none'}


09 Jan 23:02    INFO  Gowalla
The number of users: 29859
Average actions of users: 34.408533726304505
The number of items: 40982
Average actions of items: 25.06942241526561
The number of inters: 1027370
The sparsity of the dataset: 99.91604269835769%
Remain Fields: ['user_id', 'item_id']
09 Jan 23:02    INFO  Build [GeneralDataLoader] for [train] with format [InputType.POINTWISE]
09 Jan 23:02    INFO  [train] No Negative Sampling
09 Jan 23:02    INFO  [train] batch_size = [1024], shuffle = [True]

09 Jan 23:02    INFO  Build [GeneralFullDataLoader] for [evaluation] with format [InputType.POINTWISE]
09 Jan 23:02    INFO  Evaluation Setting:
	Group by user_id
	Ordering: {'strategy': 'shuffle'}
	Splitting: {'strategy': 'by_ratio', 'ratios': [0.8, 0.1, 0.1]}
	Negative Sampling: {'strategy': 'full', 'distribution': 'uniform'}
09 Jan 23:02    INFO  [evaluation] batch_size = [4096], shuffle = [False]

09 Jan 23:02    WARNING  Batch size is changed to 40982.
09 Jan 23:02    WARNING  Batch size is changed to 40982.
this is encoder LightGCN...
/data/zhouchao/Raucl/recbole/model/general_recommender/raucl.py:100: UserWarning: Creating a tensor from a list of numpy.ndarrays is extremely slow. Please consider converting the list to a single numpy.ndarray with numpy.array() before converting to a tensor. (Triggered internally at ../torch/csrc/utils/tensor_new.cpp:278.)
  i = torch.LongTensor([row, col])
/data/zhouchao/Raucl/recbole/model/general_recommender/raucl.py:102: UserWarning: torch.sparse.SparseTensor(indices, values, shape, *, device=) is deprecated.  Please use torch.sparse_coo_tensor(indices, values, shape, dtype=, device=). (Triggered internally at ../torch/csrc/utils/tensor_new.cpp:641.)
  SparseL = torch.sparse.FloatTensor(i, data, torch.Size(L.shape))
这是directau 的 RE 版本...gamma2, d0.5, alpha0.9, std13
09 Jan 23:02    INFO  RauCL(
  (encoder): LGCNEncoder(
    (user_embedding): Embedding(29859, 64)
    (item_embedding): Embedding(40982, 64)
  )
)
Trainable parameters: 4533824
09 Jan 23:03    INFO  epoch 0 training [time: 27.83s, train loss: -6.0699]
09 Jan 23:03    INFO  epoch 0 evaluating [time: 12.01s, valid_score: 0.096100]
09 Jan 23:03    INFO  valid result: 
recall@10 : 0.1166    recall@20 : 0.1704    recall@50 : 0.2699    ndcg@10 : 0.0805    ndcg@20 : 0.0961    ndcg@50 : 0.1203    
09 Jan 23:03    INFO  Saving current best: saved_best/RauCL-Jan-09-2025_23-02-51.pth
09 Jan 23:03    INFO  epoch 1 training [time: 26.98s, train loss: -6.2146]
09 Jan 23:04    INFO  epoch 1 evaluating [time: 11.87s, valid_score: 0.103800]
09 Jan 23:04    INFO  valid result: 
recall@10 : 0.1271    recall@20 : 0.1829    recall@50 : 0.2893    ndcg@10 : 0.0876    ndcg@20 : 0.1038    ndcg@50 : 0.1296    
09 Jan 23:04    INFO  Saving current best: saved_best/RauCL-Jan-09-2025_23-02-51.pth
09 Jan 23:04    INFO  epoch 2 training [time: 26.97s, train loss: -6.2474]
09 Jan 23:04    INFO  epoch 2 evaluating [time: 12.02s, valid_score: 0.108100]
09 Jan 23:04    INFO  valid result: 
recall@10 : 0.1319    recall@20 : 0.1901    recall@50 : 0.2995    ndcg@10 : 0.0913    ndcg@20 : 0.1081    ndcg@50 : 0.1347    
09 Jan 23:04    INFO  Saving current best: saved_best/RauCL-Jan-09-2025_23-02-51.pth
09 Jan 23:05    INFO  epoch 3 training [time: 26.99s, train loss: -6.2634]
09 Jan 23:05    INFO  epoch 3 evaluating [time: 11.78s, valid_score: 0.110500]
09 Jan 23:05    INFO  valid result: 
recall@10 : 0.1333    recall@20 : 0.1939    recall@50 : 0.3013    ndcg@10 : 0.0929    ndcg@20 : 0.1105    ndcg@50 : 0.1367    
09 Jan 23:05    INFO  Saving current best: saved_best/RauCL-Jan-09-2025_23-02-51.pth
09 Jan 23:05    INFO  epoch 4 training [time: 27.00s, train loss: -6.2727]
09 Jan 23:06    INFO  epoch 4 evaluating [time: 12.05s, valid_score: 0.112000]
09 Jan 23:06    INFO  valid result: 
recall@10 : 0.1354    recall@20 : 0.196    recall@50 : 0.3071    ndcg@10 : 0.0943    ndcg@20 : 0.112    ndcg@50 : 0.139    
09 Jan 23:06    INFO  Saving current best: saved_best/RauCL-Jan-09-2025_23-02-51.pth
09 Jan 23:06    INFO  epoch 5 training [time: 27.02s, train loss: -6.2797]
09 Jan 23:06    INFO  epoch 5 evaluating [time: 11.81s, valid_score: 0.112600]
09 Jan 23:06    INFO  valid result: 
recall@10 : 0.1372    recall@20 : 0.1975    recall@50 : 0.3102    ndcg@10 : 0.095    ndcg@20 : 0.1126    ndcg@50 : 0.1399    
09 Jan 23:06    INFO  Saving current best: saved_best/RauCL-Jan-09-2025_23-02-51.pth
09 Jan 23:07    INFO  epoch 6 training [time: 27.02s, train loss: -6.2848]
09 Jan 23:07    INFO  epoch 6 evaluating [time: 11.82s, valid_score: 0.114600]
09 Jan 23:07    INFO  valid result: 
recall@10 : 0.1388    recall@20 : 0.2011    recall@50 : 0.3118    ndcg@10 : 0.0964    ndcg@20 : 0.1146    ndcg@50 : 0.1416    
09 Jan 23:07    INFO  Saving current best: saved_best/RauCL-Jan-09-2025_23-02-51.pth
09 Jan 23:07    INFO  epoch 7 training [time: 27.02s, train loss: -6.2897]
09 Jan 23:08    INFO  epoch 7 evaluating [time: 12.00s, valid_score: 0.115900]
09 Jan 23:08    INFO  valid result: 
recall@10 : 0.1411    recall@20 : 0.2025    recall@50 : 0.3132    ndcg@10 : 0.0981    ndcg@20 : 0.1159    ndcg@50 : 0.1428    
09 Jan 23:08    INFO  Saving current best: saved_best/RauCL-Jan-09-2025_23-02-51.pth
09 Jan 23:08    INFO  epoch 8 training [time: 27.03s, train loss: -6.2937]
09 Jan 23:08    INFO  epoch 8 evaluating [time: 11.78s, valid_score: 0.117300]
09 Jan 23:08    INFO  valid result: 
recall@10 : 0.142    recall@20 : 0.2043    recall@50 : 0.3158    ndcg@10 : 0.0991    ndcg@20 : 0.1173    ndcg@50 : 0.1444    
09 Jan 23:08    INFO  Saving current best: saved_best/RauCL-Jan-09-2025_23-02-51.pth
09 Jan 23:09    INFO  epoch 9 training [time: 27.03s, train loss: -6.2967]
09 Jan 23:09    INFO  epoch 9 evaluating [time: 11.79s, valid_score: 0.117900]
09 Jan 23:09    INFO  valid result: 
recall@10 : 0.143    recall@20 : 0.2054    recall@50 : 0.3172    ndcg@10 : 0.0998    ndcg@20 : 0.1179    ndcg@50 : 0.1451    
09 Jan 23:09    INFO  Saving current best: saved_best/RauCL-Jan-09-2025_23-02-51.pth
09 Jan 23:09    INFO  epoch 10 training [time: 27.01s, train loss: -6.2993]
09 Jan 23:10    INFO  epoch 10 evaluating [time: 12.00s, valid_score: 0.118600]
09 Jan 23:10    INFO  valid result: 
recall@10 : 0.1434    recall@20 : 0.2072    recall@50 : 0.3194    ndcg@10 : 0.1001    ndcg@20 : 0.1186    ndcg@50 : 0.146    
09 Jan 23:10    INFO  Saving current best: saved_best/RauCL-Jan-09-2025_23-02-51.pth
09 Jan 23:10    INFO  epoch 11 training [time: 27.01s, train loss: -6.3021]
09 Jan 23:10    INFO  epoch 11 evaluating [time: 11.82s, valid_score: 0.119200]
09 Jan 23:10    INFO  valid result: 
recall@10 : 0.1445    recall@20 : 0.2076    recall@50 : 0.3201    ndcg@10 : 0.1008    ndcg@20 : 0.1192    ndcg@50 : 0.1465    
09 Jan 23:10    INFO  Saving current best: saved_best/RauCL-Jan-09-2025_23-02-51.pth
09 Jan 23:11    INFO  epoch 12 training [time: 26.99s, train loss: -6.3046]
09 Jan 23:11    INFO  epoch 12 evaluating [time: 12.03s, valid_score: 0.119200]
09 Jan 23:11    INFO  valid result: 
recall@10 : 0.1465    recall@20 : 0.2076    recall@50 : 0.3224    ndcg@10 : 0.1013    ndcg@20 : 0.1192    ndcg@50 : 0.1471    
09 Jan 23:11    INFO  epoch 13 training [time: 26.97s, train loss: -6.3070]
09 Jan 23:12    INFO  epoch 13 evaluating [time: 11.80s, valid_score: 0.119600]
09 Jan 23:12    INFO  valid result: 
recall@10 : 0.1456    recall@20 : 0.2081    recall@50 : 0.3216    ndcg@10 : 0.1014    ndcg@20 : 0.1196    ndcg@50 : 0.1473    
09 Jan 23:12    INFO  Saving current best: saved_best/RauCL-Jan-09-2025_23-02-51.pth
09 Jan 23:12    INFO  epoch 14 training [time: 26.99s, train loss: -6.3083]
09 Jan 23:12    INFO  epoch 14 evaluating [time: 12.11s, valid_score: 0.120100]
09 Jan 23:12    INFO  valid result: 
recall@10 : 0.1453    recall@20 : 0.2087    recall@50 : 0.3234    ndcg@10 : 0.1016    ndcg@20 : 0.1201    ndcg@50 : 0.148    
09 Jan 23:12    INFO  Saving current best: saved_best/RauCL-Jan-09-2025_23-02-51.pth
09 Jan 23:13    INFO  epoch 15 training [time: 27.01s, train loss: -6.3101]
09 Jan 23:13    INFO  epoch 15 evaluating [time: 12.02s, valid_score: 0.119900]
09 Jan 23:13    INFO  valid result: 
recall@10 : 0.1458    recall@20 : 0.2089    recall@50 : 0.3225    ndcg@10 : 0.1016    ndcg@20 : 0.1199    ndcg@50 : 0.1476    
09 Jan 23:13    INFO  epoch 16 training [time: 26.97s, train loss: -6.3107]
09 Jan 23:13    INFO  epoch 16 evaluating [time: 11.99s, valid_score: 0.120500]
09 Jan 23:13    INFO  valid result: 
recall@10 : 0.1456    recall@20 : 0.2097    recall@50 : 0.3236    ndcg@10 : 0.1019    ndcg@20 : 0.1205    ndcg@50 : 0.1482    
09 Jan 23:13    INFO  Saving current best: saved_best/RauCL-Jan-09-2025_23-02-51.pth
09 Jan 23:14    INFO  epoch 17 training [time: 27.01s, train loss: -6.3118]
09 Jan 23:14    INFO  epoch 17 evaluating [time: 12.20s, valid_score: 0.121000]
09 Jan 23:14    INFO  valid result: 
recall@10 : 0.1469    recall@20 : 0.2102    recall@50 : 0.3247    ndcg@10 : 0.1025    ndcg@20 : 0.121    ndcg@50 : 0.1489    
09 Jan 23:14    INFO  Saving current best: saved_best/RauCL-Jan-09-2025_23-02-51.pth
09 Jan 23:15    INFO  epoch 18 training [time: 27.00s, train loss: -6.3132]
09 Jan 23:15    INFO  epoch 18 evaluating [time: 11.96s, valid_score: 0.121000]
09 Jan 23:15    INFO  valid result: 
recall@10 : 0.1477    recall@20 : 0.2104    recall@50 : 0.3256    ndcg@10 : 0.1028    ndcg@20 : 0.121    ndcg@50 : 0.149    
09 Jan 23:15    INFO  epoch 19 training [time: 27.00s, train loss: -6.3145]
09 Jan 23:15    INFO  epoch 19 evaluating [time: 12.21s, valid_score: 0.121100]
09 Jan 23:15    INFO  valid result: 
recall@10 : 0.148    recall@20 : 0.211    recall@50 : 0.3256    ndcg@10 : 0.1028    ndcg@20 : 0.1211    ndcg@50 : 0.1491    
09 Jan 23:15    INFO  Saving current best: saved_best/RauCL-Jan-09-2025_23-02-51.pth
09 Jan 23:16    INFO  epoch 20 training [time: 27.11s, train loss: -6.3154]
09 Jan 23:16    INFO  epoch 20 evaluating [time: 12.00s, valid_score: 0.121500]
09 Jan 23:16    INFO  valid result: 
recall@10 : 0.1486    recall@20 : 0.2118    recall@50 : 0.3259    ndcg@10 : 0.1031    ndcg@20 : 0.1215    ndcg@50 : 0.1493    
09 Jan 23:16    INFO  Saving current best: saved_best/RauCL-Jan-09-2025_23-02-51.pth
09 Jan 23:17    INFO  epoch 21 training [time: 27.02s, train loss: -6.3165]
09 Jan 23:17    INFO  epoch 21 evaluating [time: 12.00s, valid_score: 0.121700]
09 Jan 23:17    INFO  valid result: 
recall@10 : 0.1486    recall@20 : 0.2117    recall@50 : 0.3265    ndcg@10 : 0.1033    ndcg@20 : 0.1217    ndcg@50 : 0.1497    
09 Jan 23:17    INFO  Saving current best: saved_best/RauCL-Jan-09-2025_23-02-51.pth
09 Jan 23:17    INFO  epoch 22 training [time: 27.00s, train loss: -6.3168]
09 Jan 23:17    INFO  epoch 22 evaluating [time: 12.18s, valid_score: 0.121700]
09 Jan 23:17    INFO  valid result: 
recall@10 : 0.1477    recall@20 : 0.212    recall@50 : 0.3274    ndcg@10 : 0.1031    ndcg@20 : 0.1217    ndcg@50 : 0.1499    
09 Jan 23:18    INFO  epoch 23 training [time: 26.99s, train loss: -6.3174]
09 Jan 23:18    INFO  epoch 23 evaluating [time: 11.97s, valid_score: 0.122100]
09 Jan 23:18    INFO  valid result: 
recall@10 : 0.1482    recall@20 : 0.2127    recall@50 : 0.3267    ndcg@10 : 0.1033    ndcg@20 : 0.1221    ndcg@50 : 0.1499    
09 Jan 23:18    INFO  Saving current best: saved_best/RauCL-Jan-09-2025_23-02-51.pth
09 Jan 23:19    INFO  epoch 24 training [time: 27.01s, train loss: -6.3182]
09 Jan 23:19    INFO  epoch 24 evaluating [time: 12.22s, valid_score: 0.122200]
09 Jan 23:19    INFO  valid result: 
recall@10 : 0.1491    recall@20 : 0.2122    recall@50 : 0.3275    ndcg@10 : 0.1039    ndcg@20 : 0.1222    ndcg@50 : 0.1503    
09 Jan 23:19    INFO  Saving current best: saved_best/RauCL-Jan-09-2025_23-02-51.pth
09 Jan 23:19    INFO  epoch 25 training [time: 27.01s, train loss: -6.3185]
09 Jan 23:19    INFO  epoch 25 evaluating [time: 11.97s, valid_score: 0.122100]
09 Jan 23:19    INFO  valid result: 
recall@10 : 0.1482    recall@20 : 0.2118    recall@50 : 0.3269    ndcg@10 : 0.1036    ndcg@20 : 0.1221    ndcg@50 : 0.1502    
09 Jan 23:20    INFO  epoch 26 training [time: 26.98s, train loss: -6.3187]
09 Jan 23:20    INFO  epoch 26 evaluating [time: 11.89s, valid_score: 0.121900]
09 Jan 23:20    INFO  valid result: 
recall@10 : 0.1484    recall@20 : 0.2116    recall@50 : 0.3259    ndcg@10 : 0.1035    ndcg@20 : 0.1219    ndcg@50 : 0.1498    
09 Jan 23:20    INFO  epoch 27 training [time: 26.98s, train loss: -6.3200]
09 Jan 23:21    INFO  epoch 27 evaluating [time: 12.16s, valid_score: 0.122400]
09 Jan 23:21    INFO  valid result: 
recall@10 : 0.1487    recall@20 : 0.2124    recall@50 : 0.3271    ndcg@10 : 0.1039    ndcg@20 : 0.1224    ndcg@50 : 0.1504    
09 Jan 23:21    INFO  Saving current best: saved_best/RauCL-Jan-09-2025_23-02-51.pth
09 Jan 23:21    INFO  epoch 28 training [time: 27.01s, train loss: -6.3199]
09 Jan 23:21    INFO  epoch 28 evaluating [time: 11.95s, valid_score: 0.122400]
09 Jan 23:21    INFO  valid result: 
recall@10 : 0.1486    recall@20 : 0.2128    recall@50 : 0.3273    ndcg@10 : 0.1037    ndcg@20 : 0.1224    ndcg@50 : 0.1504    
09 Jan 23:22    INFO  epoch 29 training [time: 26.97s, train loss: -6.3204]
09 Jan 23:22    INFO  epoch 29 evaluating [time: 12.20s, valid_score: 0.122200]
09 Jan 23:22    INFO  valid result: 
recall@10 : 0.1486    recall@20 : 0.2122    recall@50 : 0.3274    ndcg@10 : 0.1037    ndcg@20 : 0.1222    ndcg@50 : 0.1504    
09 Jan 23:22    INFO  epoch 30 training [time: 26.96s, train loss: -6.3207]
09 Jan 23:23    INFO  epoch 30 evaluating [time: 11.92s, valid_score: 0.121600]
09 Jan 23:23    INFO  valid result: 
recall@10 : 0.1482    recall@20 : 0.2122    recall@50 : 0.3275    ndcg@10 : 0.1031    ndcg@20 : 0.1216    ndcg@50 : 0.1498    
09 Jan 23:23    INFO  epoch 31 training [time: 26.97s, train loss: -6.3212]
09 Jan 23:23    INFO  epoch 31 evaluating [time: 11.97s, valid_score: 0.121900]
09 Jan 23:23    INFO  valid result: 
recall@10 : 0.1477    recall@20 : 0.2123    recall@50 : 0.3267    ndcg@10 : 0.1031    ndcg@20 : 0.1219    ndcg@50 : 0.1499    
09 Jan 23:24    INFO  epoch 32 training [time: 26.98s, train loss: -6.3214]
09 Jan 23:24    INFO  epoch 32 evaluating [time: 12.12s, valid_score: 0.122000]
09 Jan 23:24    INFO  valid result: 
recall@10 : 0.1492    recall@20 : 0.2126    recall@50 : 0.3273    ndcg@10 : 0.1035    ndcg@20 : 0.122    ndcg@50 : 0.1501    
09 Jan 23:24    INFO  epoch 33 training [time: 26.96s, train loss: -6.3211]
09 Jan 23:25    INFO  epoch 33 evaluating [time: 11.97s, valid_score: 0.121900]
09 Jan 23:25    INFO  valid result: 
recall@10 : 0.1489    recall@20 : 0.212    recall@50 : 0.3279    ndcg@10 : 0.1035    ndcg@20 : 0.1219    ndcg@50 : 0.1502    
09 Jan 23:25    INFO  epoch 34 training [time: 26.97s, train loss: -6.3212]
09 Jan 23:25    INFO  epoch 34 evaluating [time: 12.14s, valid_score: 0.121800]
09 Jan 23:25    INFO  valid result: 
recall@10 : 0.1475    recall@20 : 0.2122    recall@50 : 0.3282    ndcg@10 : 0.103    ndcg@20 : 0.1218    ndcg@50 : 0.1502    
09 Jan 23:26    INFO  epoch 35 training [time: 26.96s, train loss: -6.3223]
09 Jan 23:26    INFO  epoch 35 evaluating [time: 11.80s, valid_score: 0.122400]
09 Jan 23:26    INFO  valid result: 
recall@10 : 0.1479    recall@20 : 0.2127    recall@50 : 0.3289    ndcg@10 : 0.1036    ndcg@20 : 0.1224    ndcg@50 : 0.1507    
09 Jan 23:26    INFO  epoch 36 training [time: 26.97s, train loss: -6.3223]
09 Jan 23:27    INFO  epoch 36 evaluating [time: 11.80s, valid_score: 0.122000]
09 Jan 23:27    INFO  valid result: 
recall@10 : 0.1485    recall@20 : 0.2117    recall@50 : 0.3278    ndcg@10 : 0.1036    ndcg@20 : 0.122    ndcg@50 : 0.1504    
09 Jan 23:27    INFO  epoch 37 training [time: 26.98s, train loss: -6.3223]
09 Jan 23:27    INFO  epoch 37 evaluating [time: 11.99s, valid_score: 0.121900]
09 Jan 23:27    INFO  valid result: 
recall@10 : 0.1477    recall@20 : 0.2112    recall@50 : 0.3284    ndcg@10 : 0.1033    ndcg@20 : 0.1219    ndcg@50 : 0.1504    
09 Jan 23:28    INFO  epoch 38 training [time: 26.98s, train loss: -6.3221]
09 Jan 23:28    INFO  epoch 38 evaluating [time: 11.80s, valid_score: 0.122100]
09 Jan 23:28    INFO  valid result: 
recall@10 : 0.1481    recall@20 : 0.2121    recall@50 : 0.3289    ndcg@10 : 0.1035    ndcg@20 : 0.1221    ndcg@50 : 0.1505    
09 Jan 23:28    INFO  Finished training, best eval result in epoch 27
/data/zhouchao/Raucl/recbole/trainer/trainer.py:403: FutureWarning: You are using `torch.load` with `weights_only=False` (the current default value), which uses the default pickle module implicitly. It is possible to construct malicious pickle data which will execute arbitrary code during unpickling (See https://github.com/pytorch/pytorch/blob/main/SECURITY.md#untrusted-models for more details). In a future release, the default value for `weights_only` will be flipped to `True`. This limits the functions that could be executed during unpickling. Arbitrary objects will no longer be allowed to be loaded via this mode unless they are explicitly allowlisted by the user via `torch.serialization.add_safe_globals`. We recommend you start setting `weights_only=True` for any use case where you don't have full control of the loaded file. Please open an issue on GitHub for any issues related to this experimental feature.
  checkpoint = torch.load(checkpoint_file)
09 Jan 23:28    INFO  Loading model structure and parameters from saved_best/RauCL-Jan-09-2025_23-02-51.pth
09 Jan 23:28    INFO  best valid : {'recall@10': 0.1487, 'recall@20': 0.2124, 'recall@50': 0.3271, 'ndcg@10': 0.1039, 'ndcg@20': 0.1224, 'ndcg@50': 0.1504}
09 Jan 23:28    INFO  test result: {'recall@10': 0.1492, 'recall@20': 0.2137, 'recall@50': 0.3284, 'ndcg@10': 0.1077, 'ndcg@20': 0.1263, 'ndcg@50': 0.1544}
